./xshok-piler-archive-recovery.sh.x --key extremeshok --archive /store/ --output /recovered/ --config extremeshok --temp /tmp/xshok -r -e -n 500 -v
################################################################################
 eXtremeSHOK.com Piler/Mailpiler Archive Recovery
 Version: v4.0.5 (6 May 2020)
 Copyright (c) Adrian Jon Kriel :: admin@extremeshok.com
################################################################################
This software is furnished under a license and may be used and copied only in accordance with the terms of such license and with the inclusion of the above copyright notice. This software or any other copies thereof may not be provided or otherwise made available to any other person or entity. No title to and ownership of the software is  hereby transferred. You may not reverse engineer, decompile, defeat license encryption mechanisms, or disassemble this software product or software product license. eXtremeSHOK.com may terminate this license if you do not comply with any of the terms and conditions set forth in our end user license agreement (EULA). In such event, licensee agrees to return licensor or destroy all copies of software upon termination of the license. This program is distributed in the hope that it will be useful, but WITHOUT ANY WARRANTY; without even the implied warranty of MERCHANTABILITY or FITNESS FOR A PARTICULAR PURPOSE.
################################################################################
Licensed to : ------------- :: -------------
################################################################################
Validating License: D C CE SU SI SC
################################################################################
======================================
Loading config: extremeshok/piler.conf
======================================
====================
Runtime Options
====================
Archive Dir: /store
Temp Dir: /tmp/xshok
Output Dir: /recovered
Work Dir: /recovered
Continue file: /recovered/continue.tmp
Verbose: Enabled
Message Decryption: Enabled
Recover Debuplicated: Enabled
Jobs (work threads): 22
Max Recovered Mails: 500
SQL Export: Enabled
--------------------------
Sleeping for 5 seconds....
--------------------------
===============
= RESCUE MODE =
===============
-----------------------------------------------
--------------|| S T A R T E D ||--------------
-----------------------------------------------
---------------------------------------
Archive: /store ===> Output: /recovered
---------------------------------------
1: Found Message: /store/00/55b/5f/2e/4000000055bce487263f0dc400dae1e45f2e.m
2: Found Message: /store/00/55b/5f/2e/4000000055be641c34359f9c005b69155f2e.m
3: Found Message: /store/00/55b/5f/2e/4000000055bf843d0033df4c00403ee35f2e.m
4: Found Message: /store/00/55b/5f/2e/4000000055bfc6bf1745dce4006116065f2e.m
5: Found Message: /store/00/55b/5f/2e/4000000055bd970b04a8583c00c433665f2e.m
6: Found Message: /store/00/55b/5f/2e/4000000055bce8290636148c005387a45f2e.m
7: Found Message: /store/00/55b/5f/2e/4000000055bd402f11abeb0c006d72045f2e.m
8: Found Message: /store/00/55b/5f/2e/4000000055bcd13d359e47bc00e01f4f5f2e.m
9: Found Message: /store/00/55b/5f/2e/4000000055bbc4cb04a41e34007a5b935f2e.m
10: Found Message: /store/00/55b/5f/2e/4000000055be1649311f206c00f811485f2e.m
2: Exported Message: /recovered/00/55b/5f/2e/4000000055be641c34359f9c005b69155f2e
11: Found Message: /store/00/55b/5f/2e/4000000055bf4d5822553cec001d76825f2e.m
4: Exported Message: /recovered/00/55b/5f/2e/4000000055bfc6bf1745dce4006116065f2e
12: Found Message: /store/00/55b/5f/2e/4000000055bcdcc90bb68edc00b7d54e5f2e.m
6: Exported Message: /recovered/00/55b/5f/2e/4000000055bce8290636148c005387a45f2e
13: Found Message: /store/00/55b/5f/2e/4000000055ba200c335cd784005410e35f2e.m
5: Exported Message: /recovered/00/55b/5f/2e/4000000055bd970b04a8583c00c433665f2e
14: Found Message: /store/00/55b/5f/2e/4000000055bbfed7172d9ddc002f288f5f2e.m
7: Exported Message: /recovered/00/55b/5f/2e/4000000055bd402f11abeb0c006d72045f2e
15: Found Message: /store/00/55b/5f/2e/4000000055bc565e23598d8c001361005f2e.m
16: Found Message: /store/00/55b/5f/2e/4000000055bbbba62367492c005298ae5f2e.m
17: Found Message: /store/00/55b/5f/2e/4000000055bce11d2435dfe400fd9a8f5f2e.m
18: Found Message: /store/00/55b/5f/2e/4000000055be6e1d041d3edc009ef1e75f2e.m
19: Found Message: /store/00/55b/5f/2e/4000000055bcea451e63ea3400d6d44b5f2e.m
10: Exported Message: /recovered/00/55b/5f/2e/4000000055be1649311f206c00f811485f2e
20: Found Message: /store/00/55b/5f/2e/4000000055bbc3e920785314001bb28e5f2e.m
3: Found Attachment: /store/00/55b/5f/2e/4000000055bf843d0033df4c00403ee35f2e.a1
21: Found Message: /store/00/55b/5f/2e/4000000055bccf890bb5bfd400fdbecc5f2e.m
22: Found Message: /store/00/55b/5f/2e/4000000055beb2550be7478400ceb3f55f2e.m
12: Exported Message: /recovered/00/55b/5f/2e/4000000055bcdcc90bb68edc00b7d54e5f2e
24: Found Message: /store/00/55b/5f/2e/4000000055beba0c0c1bf3e400c967995f2e.m
16: Exported Message: /recovered/00/55b/5f/2e/4000000055bbbba62367492c005298ae5f2e
25: Found Message: /store/00/55b/5f/2e/4000000055bb96451e1b254c00e5990b5f2e.m
23: Found Message: /store/00/55b/5f/2e/4000000055bd380928a05a3c00e7878b5f2e.m
17: Exported Message: /recovered/00/55b/5f/2e/4000000055bce11d2435dfe400fd9a8f5f2e
26: Found Message: /store/00/55b/5f/2e/4000000055ba44d11f6c077c00a0edc15f2e.m
27: Found Message: /store/00/55b/5f/2e/4000000055be24dd0ce44524008105e05f2e.m
28: Found Message: /store/00/55b/5f/2e/4000000055beed0e045a6eec00724c065f2e.m
9: Exported Message: /recovered/00/55b/5f/2e/4000000055bbc4cb04a41e34007a5b935f2e
29: Found Message: /store/00/55b/5f/2e/4000000055bf6c011d3aeaf400d54d6d5f2e.m
19: Exported Message: /recovered/00/55b/5f/2e/4000000055bcea451e63ea3400d6d44b5f2e
20: Exported Message: /recovered/00/55b/5f/2e/4000000055bbc3e920785314001bb28e5f2e
3: Exported Message: /recovered/00/55b/5f/2e/4000000055bf843d0033df4c00403ee35f2e
18: Exported Message: /recovered/00/55b/5f/2e/4000000055be6e1d041d3edc009ef1e75f2e
30: Found Message: /store/00/55b/5f/98/4000000055bb93e121ef281c007d1b925f98.m
24: Exported Message: /recovered/00/55b/5f/2e/4000000055beba0c0c1bf3e400c967995f2e
31: Found Message: /store/00/55b/5f/98/4000000055beb6fe3856439c003d84be5f98.m
8: Exported Message: /recovered/00/55b/5f/2e/4000000055bcd13d359e47bc00e01f4f5f2e
25: Exported Message: /recovered/00/55b/5f/2e/4000000055bb96451e1b254c00e5990b5f2e
23: Exported Message: /recovered/00/55b/5f/2e/4000000055bd380928a05a3c00e7878b5f2e
32: Found Message: /store/00/55b/5f/98/4000000055bbb5dc37fda0340043a2605f98.m
11: Found Attachment: /store/00/55b/5f/2e/4000000055bf4d5822553cec001d76825f2e.a1
33: Found Message: /store/00/55b/5f/98/4000000055bcdb5c35839f84009bc6d45f98.m
27: Exported Message: /recovered/00/55b/5f/2e/4000000055be24dd0ce44524008105e05f2e
34: Found Message: /store/00/55b/5f/98/4000000055bd2cb836967acc004b5e395f98.m
26: Exported Message: /recovered/00/55b/5f/2e/4000000055ba44d11f6c077c00a0edc15f2e
28: Exported Message: /recovered/00/55b/5f/2e/4000000055beed0e045a6eec00724c065f2e
35: Found Message: /store/00/55b/5f/98/4000000055bd5af500a30c3c006660dd5f98.m
36: Found Message: /store/00/55b/5f/98/4000000055bea35a222b98c400f0d0d55f98.m
37: Found Message: /store/00/55b/5f/98/4000000055bfa2a30b63274c00f458a25f98.m
15: Exported Message: /recovered/00/55b/5f/2e/4000000055bc565e23598d8c001361005f2e
13: Exported Message: /recovered/00/55b/5f/2e/4000000055ba200c335cd784005410e35f2e
38: Found Message: /store/00/55b/5f/98/4000000055bc4580285b00540011aa795f98.m
30: Exported Message: /recovered/00/55b/5f/98/4000000055bb93e121ef281c007d1b925f98
21: Found Attachment: /store/00/55b/5f/2e/4000000055bccf890bb5bfd400fdbecc5f2e.a1
39: Found Message: /store/00/55b/5f/98/4000000055bc4c170c1e8424004584355f98.m
31: Exported Message: /recovered/00/55b/5f/98/4000000055beb6fe3856439c003d84be5f98
1: Exported Message: /recovered/00/55b/5f/2e/4000000055bce487263f0dc400dae1e45f2e
40: Found Message: /store/00/55b/5f/98/4000000055bfd51f36f74bf400a464a25f98.m
32: Exported Message: /recovered/00/55b/5f/98/4000000055bbb5dc37fda0340043a2605f98
34: Exported Message: /recovered/00/55b/5f/98/4000000055bd2cb836967acc004b5e395f98
11: Exported Message: /recovered/00/55b/5f/2e/4000000055bf4d5822553cec001d76825f2e
41: Found Message: /store/00/55b/5f/98/4000000055be706f082e527c005c02a45f98.m
35: Exported Message: /recovered/00/55b/5f/98/4000000055bd5af500a30c3c006660dd5f98
36: Exported Message: /recovered/00/55b/5f/98/4000000055bea35a222b98c400f0d0d55f98
42: Found Message: /store/00/55b/5f/98/4000000055bbf9242298fcac00033b3b5f98.m
43: Found Message: /store/00/55b/5f/98/4000000055be256c13ca1bd400bf6ad95f98.m
44: Found Message: /store/00/55b/5f/98/4000000055bd756e0399a374006c75955f98.m
45: Found Message: /store/00/55b/5f/98/4000000055bea37019006dc400c904fa5f98.m
46: Found Message: /store/00/55b/5f/98/4000000055bd337231785c2c004a622b5f98.m
22: Exported Message: /recovered/00/55b/5f/2e/4000000055beb2550be7478400ceb3f55f2e
38: Exported Message: /recovered/00/55b/5f/98/4000000055bc4580285b00540011aa795f98
14: Found Attachment: /store/00/55b/5f/2e/4000000055bbfed7172d9ddc002f288f5f2e.a1
40: Exported Message: /recovered/00/55b/5f/98/4000000055bfd51f36f74bf400a464a25f98
47: Found Message: /store/00/55b/5f/98/4000000055bbbadb3231923c0064df165f98.m
39: Exported Message: /recovered/00/55b/5f/98/4000000055bc4c170c1e8424004584355f98
48: Found Message: /store/00/55b/5f/98/4000000055bef32900c2c16c00ce5e5e5f98.m
21: Exported Message: /recovered/00/55b/5f/2e/4000000055bccf890bb5bfd400fdbecc5f2e
49: Found Message: /store/00/55b/5f/98/4000000055bcd0613005210400f67fe75f98.m
-- saving counter to file: /recovered/continue.tmp
50: Found Message: /store/00/55b/5f/98/4000000055beb5f60f0bf39c00665f495f98.m
41: Exported Message: /recovered/00/55b/5f/98/4000000055be706f082e527c005c02a45f98
51: Found Message: /store/00/55b/5f/98/4000000055bc4a0e13c0638c00b2f2315f98.m
42: Exported Message: /recovered/00/55b/5f/98/4000000055bbf9242298fcac00033b3b5f98
29: Exported Message: /recovered/00/55b/5f/2e/4000000055bf6c011d3aeaf400d54d6d5f2e
52: Found Message: /store/00/55b/5f/d8/4000000055bbcf09133fba0c009a7cf45fd8.m
53: Found Message: /store/00/55b/5f/d8/4000000055bd7ebf2bacfdfc008adc705fd8.m
54: Found Message: /store/00/55b/5f/d8/4000000055bd17ed3544025c00dd1e095fd8.m
44: Exported Message: /recovered/00/55b/5f/98/4000000055bd756e0399a374006c75955f98
45: Exported Message: /recovered/00/55b/5f/98/4000000055bea37019006dc400c904fa5f98
55: Found Message: /store/00/55b/5f/d8/4000000055bbc17124b919a4003844115fd8.m
56: Found Message: /store/00/55b/5f/d8/4000000055ba70440460c7ec00f9c7585fd8.m
33: Found Attachment: /store/00/55b/5f/98/4000000055bcdb5c35839f84009bc6d45f98.a1
14: Exported Message: /recovered/00/55b/5f/2e/4000000055bbfed7172d9ddc002f288f5f2e
57: Found Message: /store/00/55b/5f/d8/4000000055bbd2821d50c0cc00b617645fd8.m
49: Exported Message: /recovered/00/55b/5f/98/4000000055bcd0613005210400f67fe75f98
58: Found Message: /store/00/55b/5f/d8/4000000055bfa53b39ed856c00595fb45fd8.m
59: Found Message: /store/00/55b/5f/d8/4000000055bbb53d306d83ac00660b515fd8.m
60: Found Message: /store/00/55b/5f/d8/4000000055be21f43944e57400d993ec5fd8.m
52: Exported Message: /recovered/00/55b/5f/d8/4000000055bbcf09133fba0c009a7cf45fd8
50: Exported Message: /recovered/00/55b/5f/98/4000000055beb5f60f0bf39c00665f495f98
61: Found Message: /store/00/55b/5f/d8/4000000055be14c40361ce7c000a7c9d5fd8.m
62: Found Message: /store/00/55b/5f/d8/4000000055bbfd420234b08c0066b3495fd8.m
63: Found Message: /store/00/55b/5f/d8/4000000055bd42fe30ce2dc40073ff3e5fd8.m
54: Exported Message: /recovered/00/55b/5f/d8/4000000055bd17ed3544025c00dd1e095fd8
55: Exported Message: /recovered/00/55b/5f/d8/4000000055bbc17124b919a4003844115fd8
64: Found Message: /store/00/55b/5f/d8/4000000055beef1b089bb27c00fbaa735fd8.m
56: Exported Message: /recovered/00/55b/5f/d8/4000000055ba70440460c7ec00f9c7585fd8
58: Exported Message: /recovered/00/55b/5f/d8/4000000055bfa53b39ed856c00595fb45fd8
65: Found Message: /store/00/55b/5f/d8/4000000055bec21001e7117400d8dd3e5fd8.m
57: Exported Message: /recovered/00/55b/5f/d8/4000000055bbd2821d50c0cc00b617645fd8
66: Found Message: /store/00/55b/5f/d8/4000000055be1273334728bc00591bca5fd8.m
59: Exported Message: /recovered/00/55b/5f/d8/4000000055bbb53d306d83ac00660b515fd8
60: Exported Message: /recovered/00/55b/5f/d8/4000000055be21f43944e57400d993ec5fd8
67: Found Message: /store/00/55b/5f/d8/4000000055bb8d3d0bca6ccc000134d55fd8.m
43: Found Attachment: /store/00/55b/5f/98/4000000055be256c13ca1bd400bf6ad95f98.a1
68: Found Message: /store/00/55b/5f/d8/4000000055bec0a621e9bd6400b202da5fd8.m
46: Found Attachment: /store/00/55b/5f/98/4000000055bd337231785c2c004a622b5f98.a1
69: Found Message: /store/00/55b/5f/d8/4000000055bbee710ca45dc40077ee315fd8.m
61: Exported Message: /recovered/00/55b/5f/d8/4000000055be14c40361ce7c000a7c9d5fd8
70: Found Message: /store/00/55b/5f/d8/4000000055bb962d16b25b2c00ac05e85fd8.m
63: Exported Message: /recovered/00/55b/5f/d8/4000000055bd42fe30ce2dc40073ff3e5fd8
62: Exported Message: /recovered/00/55b/5f/d8/4000000055bbfd420234b08c0066b3495fd8
71: Found Message: /store/00/55b/5f/d8/4000000055bf73c0310449540077871c5fd8.m
51: Found Attachment: /store/00/55b/5f/98/4000000055bc4a0e13c0638c00b2f2315f98.a1
47: Found Attachment: /store/00/55b/5f/98/4000000055bbbadb3231923c0064df165f98.a1
48: Found Attachment: /store/00/55b/5f/98/4000000055bef32900c2c16c00ce5e5e5f98.a1
64: Exported Message: /recovered/00/55b/5f/d8/4000000055beef1b089bb27c00fbaa735fd8
72: Found Message: /store/00/55b/5f/d8/4000000055bed86927a03fbc00988fdd5fd8.m
73: Found Message: /store/00/55b/5f/d8/4000000055bd77842c724db400032ca05fd8.m
74: Found Message: /store/00/55b/5f/d8/4000000055be79bc2928cbec004117705fd8.m
65: Exported Message: /recovered/00/55b/5f/d8/4000000055bec21001e7117400d8dd3e5fd8
75: Found Message: /store/00/55b/5f/d8/4000000055ba55041e6d96c4001421755fd8.m
66: Exported Message: /recovered/00/55b/5f/d8/4000000055be1273334728bc00591bca5fd8
76: Found Message: /store/00/55b/5f/d8/4000000055bbb756299a814c0001aac35fd8.m
68: Exported Message: /recovered/00/55b/5f/d8/4000000055bec0a621e9bd6400b202da5fd8
77: Found Message: /store/00/55b/5f/d8/4000000055be7508308e2b0c000e8e365fd8.m
78: Found Message: /store/00/55b/5f/d8/4000000055bee41e2118d104003bccf45fd8.m
51: Exported Message: /recovered/00/55b/5f/98/4000000055bc4a0e13c0638c00b2f2315f98
79: Found Message: /store/00/55b/5f/d8/4000000055be12f115fa32a400f5a1f05fd8.m
80: Found Message: /store/00/55b/5f/d8/4000000055bef09c3811bca400d46ecf5fd8.m
53: Found Attachment: /store/00/55b/5f/d8/4000000055bd7ebf2bacfdfc008adc705fd8.a1
72: Exported Message: /recovered/00/55b/5f/d8/4000000055bed86927a03fbc00988fdd5fd8
81: Found Message: /store/00/55b/5f/d8/4000000055bd17ad0824638400eed0655fd8.m
74: Exported Message: /recovered/00/55b/5f/d8/4000000055be79bc2928cbec004117705fd8
47: Exported Message: /recovered/00/55b/5f/98/4000000055bbbadb3231923c0064df165f98
82: Found Message: /store/00/55b/5f/d8/4000000055beee9b2d2fecac003278ad5fd8.m
83: Found Message: /store/00/55b/5f/d8/4000000055bd8ed61dabc1ac009ae67f5fd8.m
73: Exported Message: /recovered/00/55b/5f/d8/4000000055bd77842c724db400032ca05fd8
84: Found Message: /store/00/55b/5f/d8/4000000055beaaf61612cf6c0072ab2c5fd8.m
48: Exported Message: /recovered/00/55b/5f/98/4000000055bef32900c2c16c00ce5e5e5f98
85: Found Message: /store/00/55b/5f/d8/4000000055bfc5bb02ede69c006d5a7a5fd8.m
75: Exported Message: /recovered/00/55b/5f/d8/4000000055ba55041e6d96c4001421755fd8
86: Found Message: /store/00/55b/5f/d8/4000000055bd24df2dda078c00a190e25fd8.m
37: Exported Message: /recovered/00/55b/5f/98/4000000055bfa2a30b63274c00f458a25f98
33: Exported Message: /recovered/00/55b/5f/98/4000000055bcdb5c35839f84009bc6d45f98
87: Found Message: /store/00/55b/5f/d8/4000000055bd428d02dec39c00b8b51f5fd8.m
76: Exported Message: /recovered/00/55b/5f/d8/4000000055bbb756299a814c0001aac35fd8
77: Exported Message: /recovered/00/55b/5f/d8/4000000055be7508308e2b0c000e8e365fd8
88: Found Message: /store/00/55b/5f/d8/4000000055ba71a70cb594040074d6185fd8.m
89: Found Message: /store/00/55b/5f/d8/4000000055bd5c87206ed564004010bf5fd8.m
90: Found Message: /store/00/55b/5f/d8/4000000055bb9b5e22514d1c00372ccc5fd8.m
91: Found Message: /store/00/55b/5f/d8/4000000055bcec7336ed032400890bd35fd8.m
83: Exported Message: /recovered/00/55b/5f/d8/4000000055bd8ed61dabc1ac009ae67f5fd8
81: Exported Message: /recovered/00/55b/5f/d8/4000000055bd17ad0824638400eed0655fd8
79: Exported Message: /recovered/00/55b/5f/d8/4000000055be12f115fa32a400f5a1f05fd8
82: Exported Message: /recovered/00/55b/5f/d8/4000000055beee9b2d2fecac003278ad5fd8
92: Found Message: /store/00/55b/5f/d8/4000000055bf920213c70aac0080f0ac5fd8.m
67: Found Attachment: /store/00/55b/5f/d8/4000000055bb8d3d0bca6ccc000134d55fd8.a1
84: Exported Message: /recovered/00/55b/5f/d8/4000000055beaaf61612cf6c0072ab2c5fd8
93: Found Message: /store/00/55b/5f/d8/4000000055bbe7742940dffc00e0562c5fd8.m
94: Found Message: /store/00/55b/5f/d8/4000000055bedb8614989b1c00e23aa95fd8.m
86: Exported Message: /recovered/00/55b/5f/d8/4000000055bd24df2dda078c00a190e25fd8
95: Found Message: /store/00/55b/5f/d8/4000000055bd84262bba38b400f4711f5fd8.m
87: Exported Message: /recovered/00/55b/5f/d8/4000000055bd428d02dec39c00b8b51f5fd8
46: Found Attachment: /store/00/55b/5f/98/4000000055bd337231785c2c004a622b5f98.a2
88: Exported Message: /recovered/00/55b/5f/d8/4000000055ba71a70cb594040074d6185fd8
96: Found Message: /store/00/55b/5f/d8/4000000055bd50482563c124003e60245fd8.m
97: Found Message: /store/00/55b/5f/d8/4000000055bbc28c2bbafc040046ba5c5fd8.m
89: Exported Message: /recovered/00/55b/5f/d8/4000000055bd5c87206ed564004010bf5fd8
43: Found Attachment: /store/00/55b/5f/98/4000000055be256c13ca1bd400bf6ad95f98.a2
71: Found Attachment: /store/00/55b/5f/d8/4000000055bf73c0310449540077871c5fd8.a1
90: Exported Message: /recovered/00/55b/5f/d8/4000000055bb9b5e22514d1c00372ccc5fd8
91: Exported Message: /recovered/00/55b/5f/d8/4000000055bcec7336ed032400890bd35fd8
98: Found Message: /store/00/55b/5f/53/4000000055bd2e672c95334c005704425f53.m
99: Found Message: /store/00/55b/5f/53/4000000055bd4bd92bd8dc7400a869355f53.m
-- saving counter to file: /recovered/continue.tmp
100: Found Message: /store/00/55b/5f/53/4000000055bf85af1637f33c00f005635f53.m
70: Found Attachment: /store/00/55b/5f/d8/4000000055bb962d16b25b2c00ac05e85fd8.a1
93: Exported Message: /recovered/00/55b/5f/d8/4000000055bbe7742940dffc00e0562c5fd8
101: Found Message: /store/00/55b/5f/53/4000000055bf6d310b0870a4005f11e05f53.m
67: Exported Message: /recovered/00/55b/5f/d8/4000000055bb8d3d0bca6ccc000134d55fd8
94: Exported Message: /recovered/00/55b/5f/d8/4000000055bedb8614989b1c00e23aa95fd8
96: Exported Message: /recovered/00/55b/5f/d8/4000000055bd50482563c124003e60245fd8
102: Found Message: /store/00/55b/5f/53/4000000055bbede416ddff0c00923ed15f53.m
103: Found Message: /store/00/55b/5f/53/4000000055bb9d48276e9cb4006ee0de5f53.m
78: Found Attachment: /store/00/55b/5f/d8/4000000055bee41e2118d104003bccf45fd8.a1
97: Exported Message: /recovered/00/55b/5f/d8/4000000055bbc28c2bbafc040046ba5c5fd8
104: Found Message: /store/00/55b/5f/53/4000000055bebc0c1c4480ec005e651b5f53.m
105: Found Message: /store/00/55b/5f/53/4000000055bbec060539a77400cfb6575f53.m
99: Exported Message: /recovered/00/55b/5f/53/4000000055bd4bd92bd8dc7400a869355f53
98: Exported Message: /recovered/00/55b/5f/53/4000000055bd2e672c95334c005704425f53
85: Exported Message: /recovered/00/55b/5f/d8/4000000055bfc5bb02ede69c006d5a7a5fd8
100: Exported Message: /recovered/00/55b/5f/53/4000000055bf85af1637f33c00f005635f53
46: Exported Message: /recovered/00/55b/5f/98/4000000055bd337231785c2c004a622b5f98
71: Exported Message: /recovered/00/55b/5f/d8/4000000055bf73c0310449540077871c5fd8
106: Found Message: /store/00/55b/5f/53/4000000055bb944923493dc400b0ccc95f53.m
53: Found Attachment: /store/00/55b/5f/d8/4000000055bd7ebf2bacfdfc008adc705fd8.a2
107: Found Message: /store/00/55b/5f/53/4000000055ba6edc3a66b0f400d066ec5f53.m
69: Found Attachment: /store/00/55b/5f/d8/4000000055bbee710ca45dc40077ee315fd8.a2
108: Found Message: /store/00/55b/5f/53/4000000055bbca880eb1219c003dcf1e5f53.m
109: Found Message: /store/00/55b/5f/53/4000000055bbfb6d308d6f8c00072b895f53.m
102: Exported Message: /recovered/00/55b/5f/53/4000000055bbede416ddff0c00923ed15f53
101: Exported Message: /recovered/00/55b/5f/53/4000000055bf6d310b0870a4005f11e05f53
104: Exported Message: /recovered/00/55b/5f/53/4000000055bebc0c1c4480ec005e651b5f53
110: Found Message: /store/00/55b/5f/53/4000000055bb99fb0e0dd8d400278cfe5f53.m
80: Found Attachment: /store/00/55b/5f/d8/4000000055bef09c3811bca400d46ecf5fd8.a2
103: Exported Message: /recovered/00/55b/5f/53/4000000055bb9d48276e9cb4006ee0de5f53
111: Found Message: /store/00/55b/5f/53/4000000055bf5b632c5bd3cc00d70f445f53.m
112: Found Message: /store/00/55b/5f/53/4000000055be1f5805c783dc001848bd5f53.m
113: Found Message: /store/00/55b/5f/53/4000000055bd247e0c9e899400c5440d5f53.m
114: Found Message: /store/00/55b/5f/53/4000000055bea4991f110e6c00871de95f53.m
108: Exported Message: /recovered/00/55b/5f/53/4000000055bbca880eb1219c003dcf1e5f53
115: Found Message: /store/00/55b/5f/53/4000000055bc475f2a6d6d64006d38a55f53.m
78: Exported Message: /recovered/00/55b/5f/d8/4000000055bee41e2118d104003bccf45fd8
106: Exported Message: /recovered/00/55b/5f/53/4000000055bb944923493dc400b0ccc95f53
70: Exported Message: /recovered/00/55b/5f/d8/4000000055bb962d16b25b2c00ac05e85fd8
92: Found Attachment: /store/00/55b/5f/d8/4000000055bf920213c70aac0080f0ac5fd8.a1
116: Found Message: /store/00/55b/5f/53/4000000055bd459f153b4f7400aaf2be5f53.m
117: Found Message: /store/00/55b/5f/53/4000000055bbf9bb266d49b400b5fa2d5f53.m
109: Exported Message: /recovered/00/55b/5f/53/4000000055bbfb6d308d6f8c00072b895f53
118: Found Message: /store/00/55b/5f/53/4000000055bc4fb10666f82c00b544305f53.m
95: Found Attachment: /store/00/55b/5f/d8/4000000055bd84262bba38b400f4711f5fd8.a1
110: Exported Message: /recovered/00/55b/5f/53/4000000055bb99fb0e0dd8d400278cfe5f53
119: Found Message: /store/00/55b/5f/53/4000000055be1e0714b37dec008835ae5f53.m
69: Exported Message: /recovered/00/55b/5f/d8/4000000055bbee710ca45dc40077ee315fd8
112: Exported Message: /recovered/00/55b/5f/53/4000000055be1f5805c783dc001848bd5f53
120: Found Message: /store/00/55b/5f/53/4000000055beeab3204596cc00d135005f53.m
43: Found Attachment: /store/00/55b/5f/98/4000000055be256c13ca1bd400bf6ad95f98.a3
121: Found Message: /store/00/55b/5f/53/4000000055bd899a24aefbcc008550ab5f53.m
113: Exported Message: /recovered/00/55b/5f/53/4000000055bd247e0c9e899400c5440d5f53
122: Found Message: /store/00/55b/5f/53/4000000055bf826c050bc55c00ff60305f53.m
123: Found Message: /store/00/55b/5f/53/4000000055bcea76274d59140035005a5f53.m
114: Exported Message: /recovered/00/55b/5f/53/4000000055bea4991f110e6c00871de95f53
80: Exported Message: /recovered/00/55b/5f/d8/4000000055bef09c3811bca400d46ecf5fd8
116: Exported Message: /recovered/00/55b/5f/53/4000000055bd459f153b4f7400aaf2be5f53
124: Found Message: /store/00/55b/5f/53/4000000055b64d2d2e15a54400869a0e5f53.m
117: Exported Message: /recovered/00/55b/5f/53/4000000055bbf9bb266d49b400b5fa2d5f53
125: Found Message: /store/00/55b/5f/53/4000000055be14d6022431e400bd8de25f53.m
119: Exported Message: /recovered/00/55b/5f/53/4000000055be1e0714b37dec008835ae5f53
92: Exported Message: /recovered/00/55b/5f/d8/4000000055bf920213c70aac0080f0ac5fd8
120: Exported Message: /recovered/00/55b/5f/53/4000000055beeab3204596cc00d135005f53
126: Found Message: /store/00/55b/5f/53/4000000055bd7c9611984f84006d1d8f5f53.m
127: Found Message: /store/00/55b/5f/53/4000000055bf8ac03af423e400b52a475f53.m
121: Exported Message: /recovered/00/55b/5f/53/4000000055bd899a24aefbcc008550ab5f53
128: Found Message: /store/00/55b/5f/53/4000000055bef04a0440053400cf48765f53.m
123: Exported Message: /recovered/00/55b/5f/53/4000000055bcea76274d59140035005a5f53
107: Found Attachment: /store/00/55b/5f/53/4000000055ba6edc3a66b0f400d066ec5f53.a1
129: Found Message: /store/00/55b/5f/53/4000000055bc4a3e0283323400196d0a5f53.m
130: Found Message: /store/00/55b/5f/e1/4000000055bd629d16d6002c00d638275fe1.m
111: Exported Message: /recovered/00/55b/5f/53/4000000055bf5b632c5bd3cc00d70f445f53
125: Exported Message: /recovered/00/55b/5f/53/4000000055be14d6022431e400bd8de25f53
131: Found Message: /store/00/55b/5f/e1/4000000055bd223e233f91340098eaa05fe1.m
132: Found Message: /store/00/55b/5f/e1/4000000055bcde7528c3bcd400464cf25fe1.m
133: Found Message: /store/00/55b/5f/e1/4000000055bceba909f4ca3c008d56ef5fe1.m
105: Found Attachment: /store/00/55b/5f/53/4000000055bbec060539a77400cfb6575f53.a1
118: Found Attachment: /store/00/55b/5f/53/4000000055bc4fb10666f82c00b544305f53.a1
53: Found Attachment: /store/00/55b/5f/d8/4000000055bd7ebf2bacfdfc008adc705fd8.a3
134: Found Message: /store/00/55b/5f/e1/4000000055bf9e8f2450fd4c002936625fe1.m
126: Exported Message: /recovered/00/55b/5f/53/4000000055bd7c9611984f84006d1d8f5f53
135: Found Message: /store/00/55b/5f/e1/4000000055bbfe3402b48eec003a3f355fe1.m
136: Found Message: /store/00/55b/5f/e1/4000000055bec3d10a99d43c00557a205fe1.m
137: Found Message: /store/00/55b/5f/e1/4000000055bef0e10911674c00922bca5fe1.m
128: Exported Message: /recovered/00/55b/5f/53/4000000055bef04a0440053400cf48765f53
138: Found Message: /store/00/55b/5f/e1/4000000055bbf8333589f49c004513005fe1.m
107: Exported Message: /recovered/00/55b/5f/53/4000000055ba6edc3a66b0f400d066ec5f53
139: Found Message: /store/00/55b/5f/e1/4000000055be1a50067ba90c008bec235fe1.m
132: Exported Message: /recovered/00/55b/5f/e1/4000000055bcde7528c3bcd400464cf25fe1
131: Exported Message: /recovered/00/55b/5f/e1/4000000055bd223e233f91340098eaa05fe1
130: Exported Message: /recovered/00/55b/5f/e1/4000000055bd629d16d6002c00d638275fe1
140: Found Message: /store/00/55b/5f/e1/4000000055bc31a412d9012c00c0a02c5fe1.m
122: Exported Message: /recovered/00/55b/5f/53/4000000055bf826c050bc55c00ff60305f53
141: Found Message: /store/00/55b/5f/e1/4000000055bc46ba234df4cc0015cd645fe1.m
142: Found Message: /store/00/55b/5f/e1/4000000055bbfaa017affcdc0057c00d5fe1.m
118: Exported Message: /recovered/00/55b/5f/53/4000000055bc4fb10666f82c00b544305f53
143: Found Message: /store/00/55b/5f/e1/4000000055bea4500103395400e1142b5fe1.m
43: Found Attachment: /store/00/55b/5f/98/4000000055be256c13ca1bd400bf6ad95f98.a4
144: Found Message: /store/00/55b/5f/e1/4000000055bf89b4139b2c340006a8325fe1.m
95: Found Attachment: /store/00/55b/5f/d8/4000000055bd84262bba38b400f4711f5fd8.a2
115: Found Attachment: /store/00/55b/5f/53/4000000055bc475f2a6d6d64006d38a55f53.a1
145: Found Message: /store/00/55b/5f/e1/4000000055bf5d6316846d5c00dbaf995fe1.m
105: Exported Message: /recovered/00/55b/5f/53/4000000055bbec060539a77400cfb6575f53
146: Found Message: /store/00/55b/5f/e1/4000000055bd59860fd10ca400d9115f5fe1.m
127: Exported Message: /recovered/00/55b/5f/53/4000000055bf8ac03af423e400b52a475f53
124: Found Attachment: /store/00/55b/5f/53/4000000055b64d2d2e15a54400869a0e5f53.a1
138: Exported Message: /recovered/00/55b/5f/e1/4000000055bbf8333589f49c004513005fe1
147: Found Message: /store/00/55b/5f/e1/4000000055bcecac301d0e040013513b5fe1.m
139: Exported Message: /recovered/00/55b/5f/e1/4000000055be1a50067ba90c008bec235fe1
140: Exported Message: /recovered/00/55b/5f/e1/4000000055bc31a412d9012c00c0a02c5fe1
53: Exported Message: /recovered/00/55b/5f/d8/4000000055bd7ebf2bacfdfc008adc705fd8
142: Exported Message: /recovered/00/55b/5f/e1/4000000055bbfaa017affcdc0057c00d5fe1
148: Found Message: /store/00/55b/5f/e1/4000000055bce5080601f0e400a8394f5fe1.m
149: Found Message: /store/00/55b/5f/e1/4000000055bc55440675e094005d2bb15fe1.m
-- saving counter to file: /recovered/continue.tmp
150: Found Message: /store/00/55b/5f/e1/4000000055bc441836ac48d400dc95c45fe1.m
145: Exported Message: /recovered/00/55b/5f/e1/4000000055bf5d6316846d5c00dbaf995fe1
129: Found Attachment: /store/00/55b/5f/53/4000000055bc4a3e0283323400196d0a5f53.a1
151: Found Message: /store/00/55b/5f/e1/4000000055bd8c08244fe02400345abd5fe1.m
133: Found Attachment: /store/00/55b/5f/e1/4000000055bceba909f4ca3c008d56ef5fe1.a1
146: Exported Message: /recovered/00/55b/5f/e1/4000000055bd59860fd10ca400d9115f5fe1
153: Found Message: /store/00/55b/5f/e1/4000000055bf9485008143cc0094e9415fe1.m
152: Found Message: /store/00/55b/5f/e1/4000000055be77793911d724002c7de85fe1.m
115: Exported Message: /recovered/00/55b/5f/53/4000000055bc475f2a6d6d64006d38a55f53
154: Found Message: /store/00/55b/5f/e1/4000000055bbc1ee0bf8338c005659785fe1.m
148: Exported Message: /recovered/00/55b/5f/e1/4000000055bce5080601f0e400a8394f5fe1
155: Found Message: /store/00/55b/5f/e1/4000000055bf89c609c3234c00b8ef065fe1.m
149: Exported Message: /recovered/00/55b/5f/e1/4000000055bc55440675e094005d2bb15fe1
156: Found Message: /store/00/55b/5f/e1/4000000055bf48f208b5167c007a28305fe1.m
157: Found Message: /store/00/55b/5f/e1/4000000055bd11a908d928dc00b0a4e05fe1.m
136: Exported Message: /recovered/00/55b/5f/e1/4000000055bec3d10a99d43c00557a205fe1
158: Found Message: /store/00/55b/5f/e1/4000000055bcf50e1acc1d7400df16955fe1.m
150: Exported Message: /recovered/00/55b/5f/e1/4000000055bc441836ac48d400dc95c45fe1
137: Found Attachment: /store/00/55b/5f/e1/4000000055bef0e10911674c00922bca5fe1.a1
159: Found Message: /store/00/55b/5f/e1/4000000055bd217204bfa12c0047dcf55fe1.m
144: Exported Message: /recovered/00/55b/5f/e1/4000000055bf89b4139b2c340006a8325fe1
151: Exported Message: /recovered/00/55b/5f/e1/4000000055bd8c08244fe02400345abd5fe1
160: Found Message: /store/00/55b/5f/b2/4000000055bc51b2092eda5c00919bc45fb2.m
152: Exported Message: /recovered/00/55b/5f/e1/4000000055be77793911d724002c7de85fe1
161: Found Message: /store/00/55b/5f/b2/4000000055bbd2c921efcc2c0086de375fb2.m
133: Exported Message: /recovered/00/55b/5f/e1/4000000055bceba909f4ca3c008d56ef5fe1
162: Found Message: /store/00/55b/5f/b2/4000000055bc3fee2dfc358c00406a2a5fb2.m
154: Exported Message: /recovered/00/55b/5f/e1/4000000055bbc1ee0bf8338c005659785fe1
163: Found Message: /store/00/55b/5f/b2/4000000055bb6412265d403c00476ab45fb2.m
129: Exported Message: /recovered/00/55b/5f/53/4000000055bc4a3e0283323400196d0a5f53
164: Found Message: /store/00/55b/5f/b2/4000000055bf5ae42617da9c00ec52cf5fb2.m
141: Found Attachment: /store/00/55b/5f/e1/4000000055bc46ba234df4cc0015cd645fe1.a1
158: Exported Message: /recovered/00/55b/5f/e1/4000000055bcf50e1acc1d7400df16955fe1
165: Found Message: /store/00/55b/5f/b2/4000000055bbb6e003dacf0c0033e8f65fb2.m
134: Exported Message: /recovered/00/55b/5f/e1/4000000055bf9e8f2450fd4c002936625fe1
43: Found Attachment: /store/00/55b/5f/98/4000000055be256c13ca1bd400bf6ad95f98.a5
166: Found Message: /store/00/55b/5f/b2/4000000055bd7f5b216aaa24007f32005fb2.m
159: Exported Message: /recovered/00/55b/5f/e1/4000000055bd217204bfa12c0047dcf55fe1
160: Exported Message: /recovered/00/55b/5f/b2/4000000055bc51b2092eda5c00919bc45fb2
167: Found Message: /store/00/55b/5f/b2/4000000055bfceaa28593b340088adb45fb2.m
124: Found Attachment: /store/00/55b/5f/53/4000000055b64d2d2e15a54400869a0e5f53.a2
168: Found Message: /store/00/55b/5f/b2/4000000055bf6f680817f004007c21195fb2.m
163: Exported Message: /recovered/00/55b/5f/b2/4000000055bb6412265d403c00476ab45fb2
169: Found Message: /store/00/55b/5f/b2/4000000055bfab9c36638fa4009389105fb2.m
147: Found Attachment: /store/00/55b/5f/e1/4000000055bcecac301d0e040013513b5fe1.a1
95: Found Attachment: /store/00/55b/5f/d8/4000000055bd84262bba38b400f4711f5fd8.a3
170: Found Message: /store/00/55b/5f/b2/4000000055bc32063a1e690c00cdb3035fb2.m
161: Exported Message: /recovered/00/55b/5f/b2/4000000055bbd2c921efcc2c0086de375fb2
171: Found Message: /store/00/55b/5f/b2/4000000055bd10f22dd2760c00d0ca125fb2.m
172: Found Message: /store/00/55b/5f/b2/4000000055bd4c1f1174410c000f0bf95fb2.m
137: Exported Message: /recovered/00/55b/5f/e1/4000000055bef0e10911674c00922bca5fe1
166: Exported Message: /recovered/00/55b/5f/b2/4000000055bd7f5b216aaa24007f32005fb2
156: Found Attachment: /store/00/55b/5f/e1/4000000055bf48f208b5167c007a28305fe1.a1
165: Exported Message: /recovered/00/55b/5f/b2/4000000055bbb6e003dacf0c0033e8f65fb2
167: Exported Message: /recovered/00/55b/5f/b2/4000000055bfceaa28593b340088adb45fb2
153: Exported Message: /recovered/00/55b/5f/e1/4000000055bf9485008143cc0094e9415fe1
135: Exported Message: /recovered/00/55b/5f/e1/4000000055bbfe3402b48eec003a3f355fe1
169: Exported Message: /recovered/00/55b/5f/b2/4000000055bfab9c36638fa4009389105fb2
172: Exported Message: /recovered/00/55b/5f/b2/4000000055bd4c1f1174410c000f0bf95fb2
95: Exported Message: /recovered/00/55b/5f/d8/4000000055bd84262bba38b400f4711f5fd8
157: Found Attachment: /store/00/55b/5f/e1/4000000055bd11a908d928dc00b0a4e05fe1.a1
164: Exported Message: /recovered/00/55b/5f/b2/4000000055bf5ae42617da9c00ec52cf5fb2
162: Found Attachment: /store/00/55b/5f/b2/4000000055bc3fee2dfc358c00406a2a5fb2.a1
155: Found Attachment: /store/00/55b/5f/e1/4000000055bf89c609c3234c00b8ef065fe1.a2
141: Exported Message: /recovered/00/55b/5f/e1/4000000055bc46ba234df4cc0015cd645fe1
43: Found Attachment: /store/00/55b/5f/98/4000000055be256c13ca1bd400bf6ad95f98.a6
124: Found Attachment: /store/00/55b/5f/53/4000000055b64d2d2e15a54400869a0e5f53.a3
156: Found Attachment: /store/00/55b/5f/e1/4000000055bf48f208b5167c007a28305fe1.a2
162: Exported Message: /recovered/00/55b/5f/b2/4000000055bc3fee2dfc358c00406a2a5fb2
171: Found Attachment: /store/00/55b/5f/b2/4000000055bd10f22dd2760c00d0ca125fb2.a1
143: Exported Message: /recovered/00/55b/5f/e1/4000000055bea4500103395400e1142b5fe1
155: Exported Message: /recovered/00/55b/5f/e1/4000000055bf89c609c3234c00b8ef065fe1
157: Exported Message: /recovered/00/55b/5f/e1/4000000055bd11a908d928dc00b0a4e05fe1
170: Found Attachment: /store/00/55b/5f/b2/4000000055bc32063a1e690c00cdb3035fb2.a1
168: Found Attachment: /store/00/55b/5f/b2/4000000055bf6f680817f004007c21195fb2.a2
156: Exported Message: /recovered/00/55b/5f/e1/4000000055bf48f208b5167c007a28305fe1
173: Found Message: /store/00/55b/5f/b2/4000000055bc44ee02387564007ee4135fb2.m
174: Found Message: /store/00/55b/5f/b2/4000000055bcf28a1e1e1f0400b752905fb2.m
175: Found Message: /store/00/55b/5f/b2/4000000055bcf1981f7609fc00165e7a5fb2.m
176: Found Message: /store/00/55b/5f/b2/4000000055bc4a7e3375ce240037022e5fb2.m
170: Exported Message: /recovered/00/55b/5f/b2/4000000055bc32063a1e690c00cdb3035fb2
177: Found Message: /store/00/55b/5f/b2/4000000055bd8ace007030b4001879a75fb2.m
178: Found Message: /store/00/55b/5f/b2/4000000055bbb6010ea156a400db5b595fb2.m
168: Exported Message: /recovered/00/55b/5f/b2/4000000055bf6f680817f004007c21195fb2
179: Found Message: /store/00/55b/5f/b2/4000000055bd12a10af46f8c0039616d5fb2.m
180: Found Message: /store/00/55b/5f/b2/4000000055bcedb90e582844002ec5885fb2.m
181: Found Message: /store/00/55b/5f/b2/4000000055bb91351cb66914002d68685fb2.m
182: Found Message: /store/00/55b/5f/b2/4000000055bbd43d3a633a3c001e4b575fb2.m
173: Exported Message: /recovered/00/55b/5f/b2/4000000055bc44ee02387564007ee4135fb2
183: Found Message: /store/00/55b/5f/b2/4000000055bd5c2b009cbb0c00a3d4ec5fb2.m
43: Found Attachment: /store/00/55b/5f/98/4000000055be256c13ca1bd400bf6ad95f98.a7
184: Found Message: /store/00/55b/5f/b2/4000000055bbf2cd2dab566c00bfa1305fb2.m
185: Found Message: /store/00/55b/5f/b2/4000000055beda42344602ec0099e2ef5fb2.m
186: Found Message: /store/00/55b/5f/b2/4000000055bd1fcf12cdca1400e9d7545fb2.m
175: Exported Message: /recovered/00/55b/5f/b2/4000000055bcf1981f7609fc00165e7a5fb2
187: Found Message: /store/00/55b/5f/b2/4000000055beacf62eec17b400ea2e715fb2.m
176: Exported Message: /recovered/00/55b/5f/b2/4000000055bc4a7e3375ce240037022e5fb2
147: Found Attachment: /store/00/55b/5f/e1/4000000055bcecac301d0e040013513b5fe1.a2
171: Found Attachment: /store/00/55b/5f/b2/4000000055bd10f22dd2760c00d0ca125fb2.a2
177: Exported Message: /recovered/00/55b/5f/b2/4000000055bd8ace007030b4001879a75fb2
188: Found Message: /store/00/55b/5f/b2/4000000055b7d35502ef0f7c00cd021b5fb2.m
124: Found Attachment: /store/00/55b/5f/53/4000000055b64d2d2e15a54400869a0e5f53.a4
189: Found Message: /store/00/55b/5f/b2/4000000055ba703a1c34b5f4003639a45fb2.m
179: Exported Message: /recovered/00/55b/5f/b2/4000000055bd12a10af46f8c0039616d5fb2
180: Exported Message: /recovered/00/55b/5f/b2/4000000055bcedb90e582844002ec5885fb2
178: Exported Message: /recovered/00/55b/5f/b2/4000000055bbb6010ea156a400db5b595fb2
181: Exported Message: /recovered/00/55b/5f/b2/4000000055bb91351cb66914002d68685fb2
190: Found Message: /store/00/55b/5f/b2/4000000055bc4c0e2b73ec9c00b0672e5fb2.m
183: Exported Message: /recovered/00/55b/5f/b2/4000000055bd5c2b009cbb0c00a3d4ec5fb2
191: Found Message: /store/00/55b/5f/b2/4000000055bec1521b0fc5c400cedc5c5fb2.m
182: Exported Message: /recovered/00/55b/5f/b2/4000000055bbd43d3a633a3c001e4b575fb2
192: Found Message: /store/00/55b/5f/b2/4000000055bbe6ab0c803bc400867ff25fb2.m
193: Found Message: /store/00/55b/5f/b2/4000000055bb913e1d9d890c007816e45fb2.m
186: Exported Message: /recovered/00/55b/5f/b2/4000000055bd1fcf12cdca1400e9d7545fb2
184: Exported Message: /recovered/00/55b/5f/b2/4000000055bbf2cd2dab566c00bfa1305fb2
194: Found Message: /store/00/55b/5f/b2/4000000055bef27927a548cc00edea575fb2.m
187: Exported Message: /recovered/00/55b/5f/b2/4000000055beacf62eec17b400ea2e715fb2
195: Found Message: /store/00/55b/5f/b2/4000000055bbb8ef32e5e64c00cb9b505fb2.m
196: Found Message: /store/00/55b/5f/b2/4000000055bbc47c20778fc40028f6a75fb2.m
197: Found Message: /store/00/55b/5f/b2/4000000055bbde812b3b3ce400235e175fb2.m
198: Found Message: /store/00/55b/5f/b2/4000000055bc40b21ef66e0400437d5b5fb2.m
189: Exported Message: /recovered/00/55b/5f/b2/4000000055ba703a1c34b5f4003639a45fb2
190: Exported Message: /recovered/00/55b/5f/b2/4000000055bc4c0e2b73ec9c00b0672e5fb2
199: Found Message: /store/00/55b/5f/d3/4000000055beec921ec2793c000e08815fd3.m
-- saving counter to file: /recovered/continue.tmp
200: Found Message: /store/00/55b/5f/d3/4000000055bd86c2086934b400bd85635fd3.m
201: Found Message: /store/00/55b/5f/d3/4000000055bbc41a0af123cc00ec6acd5fd3.m
202: Found Message: /store/00/55b/5f/d3/4000000055bb9866032a729c0083dc085fd3.m
203: Found Message: /store/00/55b/5f/d3/4000000055bbfd3306a05b9400b6a3385fd3.m
195: Exported Message: /recovered/00/55b/5f/b2/4000000055bbb8ef32e5e64c00cb9b505fb2
192: Exported Message: /recovered/00/55b/5f/b2/4000000055bbe6ab0c803bc400867ff25fb2
204: Found Message: /store/00/55b/5f/d3/4000000055bf6ad42068e1f400c5a3145fd3.m
205: Found Message: /store/00/55b/5f/d3/4000000055be1b6834bc213400bd72685fd3.m
197: Exported Message: /recovered/00/55b/5f/b2/4000000055bbde812b3b3ce400235e175fb2
194: Exported Message: /recovered/00/55b/5f/b2/4000000055bef27927a548cc00edea575fb2
206: Found Message: /store/00/55b/5f/d3/4000000055bcf11b0fda578c00d314fc5fd3.m
191: Exported Message: /recovered/00/55b/5f/b2/4000000055bec1521b0fc5c400cedc5c5fb2
174: Exported Message: /recovered/00/55b/5f/b2/4000000055bcf28a1e1e1f0400b752905fb2
207: Found Message: /store/00/55b/5f/d3/4000000055bd250d26371e84002b6c5c5fd3.m
198: Exported Message: /recovered/00/55b/5f/b2/4000000055bc40b21ef66e0400437d5b5fb2
208: Found Message: /store/00/55b/5f/d3/4000000055be2a9d25f6be0c00bf14e55fd3.m
199: Exported Message: /recovered/00/55b/5f/d3/4000000055beec921ec2793c000e08815fd3
209: Found Message: /store/00/55b/5f/d3/4000000055bd7ebd26184fcc006daa7e5fd3.m
196: Exported Message: /recovered/00/55b/5f/b2/4000000055bbc47c20778fc40028f6a75fb2
210: Found Message: /store/00/55b/5f/d3/4000000055bc49cd234f833c00eadf735fd3.m
200: Exported Message: /recovered/00/55b/5f/d3/4000000055bd86c2086934b400bd85635fd3
185: Found Attachment: /store/00/55b/5f/b2/4000000055beda42344602ec0099e2ef5fb2.a1
203: Exported Message: /recovered/00/55b/5f/d3/4000000055bbfd3306a05b9400b6a3385fd3
202: Exported Message: /recovered/00/55b/5f/d3/4000000055bb9866032a729c0083dc085fd3
211: Found Message: /store/00/55b/5f/d3/4000000055bd49a321b25d9c0066e8e05fd3.m
201: Exported Message: /recovered/00/55b/5f/d3/4000000055bbc41a0af123cc00ec6acd5fd3
212: Found Message: /store/00/55b/5f/d3/4000000055bf7dd1026cc7ec000cb4ba5fd3.m
188: Found Attachment: /store/00/55b/5f/b2/4000000055b7d35502ef0f7c00cd021b5fb2.a1
208: Exported Message: /recovered/00/55b/5f/d3/4000000055be2a9d25f6be0c00bf14e55fd3
213: Found Message: /store/00/55b/5f/d3/4000000055bba1b63b226f740063afbc5fd3.m
205: Exported Message: /recovered/00/55b/5f/d3/4000000055be1b6834bc213400bd72685fd3
43: Found Attachment: /store/00/55b/5f/98/4000000055be256c13ca1bd400bf6ad95f98.a8
214: Found Message: /store/00/55b/5f/d3/4000000055bf966a002fad14002d85515fd3.m
215: Found Message: /store/00/55b/5f/d3/4000000055bd512f0208c27400ff3d845fd3.m
207: Exported Message: /recovered/00/55b/5f/d3/4000000055bd250d26371e84002b6c5c5fd3
216: Found Message: /store/00/55b/5f/d3/4000000055beded30c14b08400cd6c505fd3.m
217: Found Message: /store/00/55b/5f/d3/4000000055bce3d225b089640070d6a55fd3.m
211: Exported Message: /recovered/00/55b/5f/d3/4000000055bd49a321b25d9c0066e8e05fd3
218: Found Message: /store/00/55b/5f/d3/4000000055bc3dbb0785ba54002355075fd3.m
171: Found Attachment: /store/00/55b/5f/b2/4000000055bd10f22dd2760c00d0ca125fb2.a3
212: Exported Message: /recovered/00/55b/5f/d3/4000000055bf7dd1026cc7ec000cb4ba5fd3
124: Found Attachment: /store/00/55b/5f/53/4000000055b64d2d2e15a54400869a0e5f53.a5
219: Found Message: /store/00/55b/5f/d3/4000000055bc49d82f6c3494007f3e195fd3.m
193: Found Attachment: /store/00/55b/5f/b2/4000000055bb913e1d9d890c007816e45fb2.a1
220: Found Message: /store/00/55b/5f/d3/4000000055bd614216f92c14006670ff5fd3.m
221: Found Message: /store/00/55b/5f/d3/4000000055be75ef39a6a8cc0047d67e5fd3.m
222: Found Message: /store/00/55b/5f/d3/4000000055bbe114095959440016217d5fd3.m
215: Exported Message: /recovered/00/55b/5f/d3/4000000055bd512f0208c27400ff3d845fd3
223: Found Message: /store/00/55b/5f/d3/4000000055bbcf7a109235dc007ba5df5fd3.m
213: Exported Message: /recovered/00/55b/5f/d3/4000000055bba1b63b226f740063afbc5fd3
204: Exported Message: /recovered/00/55b/5f/d3/4000000055bf6ad42068e1f400c5a3145fd3
220: Exported Message: /recovered/00/55b/5f/d3/4000000055bd614216f92c14006670ff5fd3
206: Found Attachment: /store/00/55b/5f/d3/4000000055bcf11b0fda578c00d314fc5fd3.a1
221: Exported Message: /recovered/00/55b/5f/d3/4000000055be75ef39a6a8cc0047d67e5fd3
218: Exported Message: /recovered/00/55b/5f/d3/4000000055bc3dbb0785ba54002355075fd3
222: Exported Message: /recovered/00/55b/5f/d3/4000000055bbe114095959440016217d5fd3
210: Exported Message: /recovered/00/55b/5f/d3/4000000055bc49cd234f833c00eadf735fd3
219: Exported Message: /recovered/00/55b/5f/d3/4000000055bc49d82f6c3494007f3e195fd3
209: Exported Message: /recovered/00/55b/5f/d3/4000000055bd7ebd26184fcc006daa7e5fd3
193: Exported Message: /recovered/00/55b/5f/b2/4000000055bb913e1d9d890c007816e45fb2
171: Exported Message: /recovered/00/55b/5f/b2/4000000055bd10f22dd2760c00d0ca125fb2
185: Exported Message: /recovered/00/55b/5f/b2/4000000055beda42344602ec0099e2ef5fb2
214: Exported Message: /recovered/00/55b/5f/d3/4000000055bf966a002fad14002d85515fd3
43: Found Attachment: /store/00/55b/5f/98/4000000055be256c13ca1bd400bf6ad95f98.a9
217: Found Attachment: /store/00/55b/5f/d3/4000000055bce3d225b089640070d6a55fd3.a1
223: Found Attachment: /store/00/55b/5f/d3/4000000055bbcf7a109235dc007ba5df5fd3.a1
206: Found Attachment: /store/00/55b/5f/d3/4000000055bcf11b0fda578c00d314fc5fd3.a2
217: Exported Message: /recovered/00/55b/5f/d3/4000000055bce3d225b089640070d6a55fd3
124: Found Attachment: /store/00/55b/5f/53/4000000055b64d2d2e15a54400869a0e5f53.a6
147: Exported Message: /recovered/00/55b/5f/e1/4000000055bcecac301d0e040013513b5fe1
43: Found Attachment: /store/00/55b/5f/98/4000000055be256c13ca1bd400bf6ad95f98.a10
124: Exported Message: /recovered/00/55b/5f/53/4000000055b64d2d2e15a54400869a0e5f53
224: Found Message: /store/00/55b/5f/d3/4000000055be6f562947b214005094535fd3.m
223: Found Attachment: /store/00/55b/5f/d3/4000000055bbcf7a109235dc007ba5df5fd3.a2
216: Exported Message: /recovered/00/55b/5f/d3/4000000055beded30c14b08400cd6c505fd3
206: Found Attachment: /store/00/55b/5f/d3/4000000055bcf11b0fda578c00d314fc5fd3.a3
225: Found Message: /store/00/55b/5f/d3/4000000055bd523c14dc85d400bdfd315fd3.m
226: Found Message: /store/00/55b/5f/d3/4000000055bd105928e4316c009912ff5fd3.m
227: Found Message: /store/00/55b/5f/d3/4000000055bebd761ff4abf4003e75365fd3.m
228: Found Message: /store/00/55b/5f/d3/4000000055bf9e062d43844c00d365d65fd3.m
229: Found Message: /store/00/55b/5f/d3/4000000055bebf6f0791b0d4006cdbb25fd3.m
230: Found Message: /store/00/55b/5f/d3/4000000055bd5dab2df403e400f8d4115fd3.m
231: Found Message: /store/00/55b/5f/d3/4000000055bef00e21906e1c001e00975fd3.m
232: Found Message: /store/00/55b/5f/d3/4000000055bea72d3906712c003f21f45fd3.m
233: Found Message: /store/00/55b/5f/d3/4000000055bc004d17fb0bb4001941e25fd3.m
224: Exported Message: /recovered/00/55b/5f/d3/4000000055be6f562947b214005094535fd3
234: Found Message: /store/00/55b/5f/d3/4000000055bf5d83279f611400e62bb85fd3.m
226: Exported Message: /recovered/00/55b/5f/d3/4000000055bd105928e4316c009912ff5fd3
236: Found Message: /store/00/55b/5f/d3/4000000055bc3b6635a07a3c00902d985fd3.m
235: Found Message: /store/00/55b/5f/d3/4000000055bc479632ccf77c006c20cd5fd3.m
206: Exported Message: /recovered/00/55b/5f/d3/4000000055bcf11b0fda578c00d314fc5fd3
225: Exported Message: /recovered/00/55b/5f/d3/4000000055bd523c14dc85d400bdfd315fd3
237: Found Message: /store/00/55b/5f/d3/4000000055bce5f7303485d400966d9c5fd3.m
227: Exported Message: /recovered/00/55b/5f/d3/4000000055bebd761ff4abf4003e75365fd3
229: Exported Message: /recovered/00/55b/5f/d3/4000000055bebf6f0791b0d4006cdbb25fd3
238: Found Message: /store/00/55b/5f/d3/4000000055bf679621aa81e4000faf3d5fd3.m
230: Exported Message: /recovered/00/55b/5f/d3/4000000055bd5dab2df403e400f8d4115fd3
233: Exported Message: /recovered/00/55b/5f/d3/4000000055bc004d17fb0bb4001941e25fd3
239: Found Message: /store/00/55b/5f/d3/4000000055bfd2293384fcdc00b69ba15fd3.m
232: Exported Message: /recovered/00/55b/5f/d3/4000000055bea72d3906712c003f21f45fd3
231: Exported Message: /recovered/00/55b/5f/d3/4000000055bef00e21906e1c001e00975fd3
240: Found Message: /store/00/55b/5f/5a/4000000055be73882a496aa4001dc2645f5a.m
236: Exported Message: /recovered/00/55b/5f/d3/4000000055bc3b6635a07a3c00902d985fd3
241: Found Message: /store/00/55b/5f/5a/4000000055be1e6202e79d3c009e11895f5a.m
242: Found Message: /store/00/55b/5f/5a/4000000055bd19603adbf86400fc6da65f5a.m
243: Found Message: /store/00/55b/5f/5a/4000000055bb97431f979bbc00ac9de05f5a.m
235: Exported Message: /recovered/00/55b/5f/d3/4000000055bc479632ccf77c006c20cd5fd3
244: Found Message: /store/00/55b/5f/5a/4000000055bec1a70f46ed4400474bd95f5a.m
245: Found Message: /store/00/55b/5f/5a/4000000055bd47db38c341f40041f3385f5a.m
246: Found Message: /store/00/55b/5f/5a/4000000055be7ea008c57db40065144f5f5a.m
237: Exported Message: /recovered/00/55b/5f/d3/4000000055bce5f7303485d400966d9c5fd3
247: Found Message: /store/00/55b/5f/5a/4000000055bb8f912c797d8c00643cfe5f5a.m
238: Exported Message: /recovered/00/55b/5f/d3/4000000055bf679621aa81e4000faf3d5fd3
43: Found Attachment: /store/00/55b/5f/98/4000000055be256c13ca1bd400bf6ad95f98.a11
248: Found Message: /store/00/55b/5f/5a/4000000055bd8e3a0ad5a4bc002936065f5a.m
241: Exported Message: /recovered/00/55b/5f/5a/4000000055be1e6202e79d3c009e11895f5a
249: Found Message: /store/00/55b/5f/5a/4000000055bf47c32b1d123c00afb9345f5a.m
-- saving counter to file: /recovered/continue.tmp
240: Exported Message: /recovered/00/55b/5f/5a/4000000055be73882a496aa4001dc2645f5a
250: Found Message: /store/00/55b/5f/5a/4000000055bbce5f254b6e9400233c635f5a.m
243: Exported Message: /recovered/00/55b/5f/5a/4000000055bb97431f979bbc00ac9de05f5a
223: Found Attachment: /store/00/55b/5f/d3/4000000055bbcf7a109235dc007ba5df5fd3.a3
251: Found Message: /store/00/55b/5f/5a/4000000055bd502429fcf46c0075cd8f5f5a.m
244: Exported Message: /recovered/00/55b/5f/5a/4000000055bec1a70f46ed4400474bd95f5a
242: Exported Message: /recovered/00/55b/5f/5a/4000000055bd19603adbf86400fc6da65f5a
252: Found Message: /store/00/55b/5f/5a/4000000055bd4b2c3a71ebf4006113be5f5a.m
245: Exported Message: /recovered/00/55b/5f/5a/4000000055bd47db38c341f40041f3385f5a
234: Exported Message: /recovered/00/55b/5f/d3/4000000055bf5d83279f611400e62bb85fd3
246: Exported Message: /recovered/00/55b/5f/5a/4000000055be7ea008c57db40065144f5f5a
253: Found Message: /store/00/55b/5f/5a/4000000055bbfa2608e496a40071340a5f5a.m
254: Found Message: /store/00/55b/5f/5a/4000000055bd104c21a198a400b060965f5a.m
255: Found Message: /store/00/55b/5f/5a/4000000055bffe7139cfe37c0028d1d75f5a.m
228: Exported Message: /recovered/00/55b/5f/d3/4000000055bf9e062d43844c00d365d65fd3
256: Found Message: /store/00/55b/5f/5a/4000000055bf7beb27e1f7f400dd698b5f5a.m
250: Exported Message: /recovered/00/55b/5f/5a/4000000055bbce5f254b6e9400233c635f5a
258: Found Message: /store/00/55b/5f/5a/4000000055bd801e289215e4007ceec15f5a.m
257: Found Message: /store/00/55b/5f/5a/4000000055be7da00d67d0ec00972d255f5a.m
259: Found Message: /store/00/55b/5f/5a/4000000055bbebf8356b878c00b14be65f5a.m
260: Found Message: /store/00/55b/5f/5a/4000000055bc50ad0d9e520c0099936c5f5a.m
261: Found Message: /store/00/55b/5f/5a/4000000055bec0851f8e1254008bc7a05f5a.m
252: Exported Message: /recovered/00/55b/5f/5a/4000000055bd4b2c3a71ebf4006113be5f5a
251: Exported Message: /recovered/00/55b/5f/5a/4000000055bd502429fcf46c0075cd8f5f5a
262: Found Message: /store/00/55b/5f/5a/4000000055bed73b2e05363c0055c9765f5a.m
263: Found Message: /store/00/55b/5f/81/4000000055bd45371b533b4c00cfda585f81.m
264: Found Message: /store/00/55b/5f/81/4000000055bccef806295abc000b06ef5f81.m
255: Exported Message: /recovered/00/55b/5f/5a/4000000055bffe7139cfe37c0028d1d75f5a
265: Found Message: /store/00/55b/5f/81/4000000055bbf79c27ea410c00f5eee45f81.m
266: Found Message: /store/00/55b/5f/81/4000000055bbc8b90d17631400ffd3945f81.m
256: Exported Message: /recovered/00/55b/5f/5a/4000000055bf7beb27e1f7f400dd698b5f5a
257: Exported Message: /recovered/00/55b/5f/5a/4000000055be7da00d67d0ec00972d255f5a
267: Found Message: /store/00/55b/5f/81/4000000055bc400d10e4eda400d98e0d5f81.m
258: Exported Message: /recovered/00/55b/5f/5a/4000000055bd801e289215e4007ceec15f5a
268: Found Message: /store/00/55b/5f/81/4000000055bd41710dcca56c0031a8cd5f81.m
249: Exported Message: /recovered/00/55b/5f/5a/4000000055bf47c32b1d123c00afb9345f5a
269: Found Message: /store/00/55b/5f/81/4000000055ba567100b7d48c00bf0ba85f81.m
260: Exported Message: /recovered/00/55b/5f/5a/4000000055bc50ad0d9e520c0099936c5f5a
262: Exported Message: /recovered/00/55b/5f/5a/4000000055bed73b2e05363c0055c9765f5a
270: Found Message: /store/00/55b/5f/81/4000000055bf90e11e91283c0087f7785f81.m
264: Exported Message: /recovered/00/55b/5f/81/4000000055bccef806295abc000b06ef5f81
265: Exported Message: /recovered/00/55b/5f/81/4000000055bbf79c27ea410c00f5eee45f81
271: Found Message: /store/00/55b/5f/81/4000000055bd2f2f26ef914400d496c45f81.m
247: Found Attachment: /store/00/55b/5f/5a/4000000055bb8f912c797d8c00643cfe5f5a.a1
43: Found Attachment: /store/00/55b/5f/98/4000000055be256c13ca1bd400bf6ad95f98.a12
272: Found Message: /store/00/55b/5f/81/4000000055bd5f8e1d212d1c00e879c95f81.m
273: Found Message: /store/00/55b/5f/81/4000000055bf59b5293b88cc00d4c0a65f81.m
239: Exported Message: /recovered/00/55b/5f/d3/4000000055bfd2293384fcdc00b69ba15fd3
266: Exported Message: /recovered/00/55b/5f/81/4000000055bbc8b90d17631400ffd3945f81
274: Found Message: /store/00/55b/5f/81/4000000055be697d134e506c001199cc5f81.m
268: Exported Message: /recovered/00/55b/5f/81/4000000055bd41710dcca56c0031a8cd5f81
267: Exported Message: /recovered/00/55b/5f/81/4000000055bc400d10e4eda400d98e0d5f81
275: Found Message: /store/00/55b/5f/81/4000000055bcf1401e824f7400d597c85f81.m
276: Found Message: /store/00/55b/5f/81/4000000055bd6312281f5acc001112af5f81.m
277: Found Message: /store/00/55b/5f/81/4000000055bc3e4a0db0cc84007572d85f81.m
269: Exported Message: /recovered/00/55b/5f/81/4000000055ba567100b7d48c00bf0ba85f81
278: Found Message: /store/00/55b/5f/81/4000000055bbfb8810fb158400e2db315f81.m
279: Found Message: /store/00/55b/5f/81/4000000055bd9738237391b4003826bc5f81.m
280: Found Message: /store/00/55b/5f/81/4000000055bbd25b086c3a240054002d5f81.m
272: Exported Message: /recovered/00/55b/5f/81/4000000055bd5f8e1d212d1c00e879c95f81
254: Exported Message: /recovered/00/55b/5f/5a/4000000055bd104c21a198a400b060965f5a
281: Found Message: /store/00/55b/5f/81/4000000055bf9f5f262dc3fc008616dc5f81.m
261: Exported Message: /recovered/00/55b/5f/5a/4000000055bec0851f8e1254008bc7a05f5a
274: Exported Message: /recovered/00/55b/5f/81/4000000055be697d134e506c001199cc5f81
223: Found Attachment: /store/00/55b/5f/d3/4000000055bbcf7a109235dc007ba5df5fd3.a4
282: Found Message: /store/00/55b/5f/81/4000000055bfb1dd1ccd870c004fb19a5f81.m
273: Exported Message: /recovered/00/55b/5f/81/4000000055bf59b5293b88cc00d4c0a65f81
271: Exported Message: /recovered/00/55b/5f/81/4000000055bd2f2f26ef914400d496c45f81
259: Found Attachment: /store/00/55b/5f/5a/4000000055bbebf8356b878c00b14be65f5a.a1
276: Exported Message: /recovered/00/55b/5f/81/4000000055bd6312281f5acc001112af5f81
253: Exported Message: /recovered/00/55b/5f/5a/4000000055bbfa2608e496a40071340a5f5a
275: Exported Message: /recovered/00/55b/5f/81/4000000055bcf1401e824f7400d597c85f81
277: Exported Message: /recovered/00/55b/5f/81/4000000055bc3e4a0db0cc84007572d85f81
283: Found Message: /store/00/55b/5f/81/4000000055be658a2dff4e84008dc48c5f81.m
284: Found Message: /store/00/55b/5f/81/4000000055bb935e10a3ae840043de9b5f81.m
188: Found Attachment: /store/00/55b/5f/b2/4000000055b7d35502ef0f7c00cd021b5fb2.a2
285: Found Message: /store/00/55b/5f/81/4000000055beaf40175cf6f400723e225f81.m
286: Found Message: /store/00/55b/5f/81/4000000055bedba93a86e3240097f80c5f81.m
248: Found Attachment: /store/00/55b/5f/5a/4000000055bd8e3a0ad5a4bc002936065f5a.a2
278: Exported Message: /recovered/00/55b/5f/81/4000000055bbfb8810fb158400e2db315f81
263: Exported Message: /recovered/00/55b/5f/81/4000000055bd45371b533b4c00cfda585f81
287: Found Message: /store/00/55b/5f/81/4000000055b9454e13998e2400b2fe995f81.m
279: Exported Message: /recovered/00/55b/5f/81/4000000055bd9738237391b4003826bc5f81
288: Found Message: /store/00/55b/5f/81/4000000055bb9e573387cf840082a92e5f81.m
280: Exported Message: /recovered/00/55b/5f/81/4000000055bbd25b086c3a240054002d5f81
289: Found Message: /store/00/55b/5f/81/4000000055bd838412ff848c003e65315f81.m
281: Exported Message: /recovered/00/55b/5f/81/4000000055bf9f5f262dc3fc008616dc5f81
290: Found Message: /store/00/55b/5f/81/4000000055bc4d910873140c003c2f825f81.m
291: Found Message: /store/00/55b/5f/81/4000000055bf6ffa235737e40007ecdd5f81.m
285: Exported Message: /recovered/00/55b/5f/81/4000000055beaf40175cf6f400723e225f81
284: Exported Message: /recovered/00/55b/5f/81/4000000055bb935e10a3ae840043de9b5f81
292: Found Message: /store/00/55b/5f/c5/4000000055bf71ba2d07bb9c004aa9b35fc5.m
270: Exported Message: /recovered/00/55b/5f/81/4000000055bf90e11e91283c0087f7785f81
294: Found Message: /store/00/55b/5f/c5/4000000055bd2e8a2ba218ec00855bb35fc5.m
293: Found Message: /store/00/55b/5f/c5/4000000055bede22333c14cc007404d45fc5.m
287: Exported Message: /recovered/00/55b/5f/81/4000000055b9454e13998e2400b2fe995f81
286: Exported Message: /recovered/00/55b/5f/81/4000000055bedba93a86e3240097f80c5f81
295: Found Message: /store/00/55b/5f/c5/4000000055bbb90f04977fbc00b999d05fc5.m
289: Exported Message: /recovered/00/55b/5f/81/4000000055bd838412ff848c003e65315f81
296: Found Message: /store/00/55b/5f/c5/4000000055bd7fa91e4b7c4c005236b35fc5.m
297: Found Message: /store/00/55b/5f/c5/4000000055bbe0b135b1cfbc00463eb55fc5.m
288: Exported Message: /recovered/00/55b/5f/81/4000000055bb9e573387cf840082a92e5f81
298: Found Message: /store/00/55b/5f/c5/4000000055bbddc71799f054000809795fc5.m
290: Exported Message: /recovered/00/55b/5f/81/4000000055bc4d910873140c003c2f825f81
291: Exported Message: /recovered/00/55b/5f/81/4000000055bf6ffa235737e40007ecdd5f81
299: Found Message: /store/00/55b/5f/c5/4000000055bf5e3d07e94e8400a549a25fc5.m
-- saving counter to file: /recovered/continue.tmp
300: Found Message: /store/00/55b/5f/c5/4000000055bbc3de282aff440079098b5fc5.m
301: Found Message: /store/00/55b/5f/c5/4000000055bc3267174fcbdc001297695fc5.m
292: Exported Message: /recovered/00/55b/5f/c5/4000000055bf71ba2d07bb9c004aa9b35fc5
43: Found Attachment: /store/00/55b/5f/98/4000000055be256c13ca1bd400bf6ad95f98.a13
294: Exported Message: /recovered/00/55b/5f/c5/4000000055bd2e8a2ba218ec00855bb35fc5
302: Found Message: /store/00/55b/5f/c5/4000000055bd8c341b82bb74008c26595fc5.m
303: Found Message: /store/00/55b/5f/c5/4000000055beba6a39e6a79c0050977b5fc5.m
293: Exported Message: /recovered/00/55b/5f/c5/4000000055bede22333c14cc007404d45fc5
304: Found Message: /store/00/55b/5f/c5/4000000055bfd24b18d4412c0099d8785fc5.m
295: Exported Message: /recovered/00/55b/5f/c5/4000000055bbb90f04977fbc00b999d05fc5
306: Found Message: /store/00/55b/5f/c5/4000000055bd289c3576b2ec007e1a495fc5.m
296: Exported Message: /recovered/00/55b/5f/c5/4000000055bd7fa91e4b7c4c005236b35fc5
305: Found Message: /store/00/55b/5f/c5/4000000055beba0e27de3aec003cdee95fc5.m
307: Found Message: /store/00/55b/5f/c5/4000000055bd2c9e303bc9340043bdbf5fc5.m
298: Exported Message: /recovered/00/55b/5f/c5/4000000055bbddc71799f054000809795fc5
297: Exported Message: /recovered/00/55b/5f/c5/4000000055bbe0b135b1cfbc00463eb55fc5
248: Found Attachment: /store/00/55b/5f/5a/4000000055bd8e3a0ad5a4bc002936065f5a.a3
308: Found Message: /store/00/55b/5f/c5/4000000055bbe1583705693c0027aef85fc5.m
300: Exported Message: /recovered/00/55b/5f/c5/4000000055bbc3de282aff440079098b5fc5
309: Found Message: /store/00/55b/5f/c5/4000000055be2bd819b3a8940051f8725fc5.m
301: Exported Message: /recovered/00/55b/5f/c5/4000000055bc3267174fcbdc001297695fc5
310: Found Message: /store/00/55b/5f/c5/4000000055bbfc543113ca14001d63105fc5.m
303: Exported Message: /recovered/00/55b/5f/c5/4000000055beba6a39e6a79c0050977b5fc5
299: Exported Message: /recovered/00/55b/5f/c5/4000000055bf5e3d07e94e8400a549a25fc5
247: Exported Message: /recovered/00/55b/5f/5a/4000000055bb8f912c797d8c00643cfe5f5a
311: Found Message: /store/00/55b/5f/c5/4000000055bb9420178ec8dc006520805fc5.m
302: Exported Message: /recovered/00/55b/5f/c5/4000000055bd8c341b82bb74008c26595fc5
283: Found Attachment: /store/00/55b/5f/81/4000000055be658a2dff4e84008dc48c5f81.a1
312: Found Message: /store/00/55b/5f/c5/4000000055bd2fab03444014006f94925fc5.m
305: Exported Message: /recovered/00/55b/5f/c5/4000000055beba0e27de3aec003cdee95fc5
313: Found Message: /store/00/55b/5f/c5/4000000055bd12fd274f974c006926e15fc5.m
304: Exported Message: /recovered/00/55b/5f/c5/4000000055bfd24b18d4412c0099d8785fc5
314: Found Message: /store/00/55b/5f/c5/4000000055bd5aad2274cef4005694965fc5.m
282: Exported Message: /recovered/00/55b/5f/81/4000000055bfb1dd1ccd870c004fb19a5f81
315: Found Message: /store/00/55b/5f/c5/4000000055bee5dd0dd694640099dbbc5fc5.m
306: Exported Message: /recovered/00/55b/5f/c5/4000000055bd289c3576b2ec007e1a495fc5
316: Found Message: /store/00/55b/5f/c5/4000000055bd3f7f13837db40059f5515fc5.m
307: Exported Message: /recovered/00/55b/5f/c5/4000000055bd2c9e303bc9340043bdbf5fc5
308: Exported Message: /recovered/00/55b/5f/c5/4000000055bbe1583705693c0027aef85fc5
317: Found Message: /store/00/55b/5f/c5/4000000055bd2676167601f400b935535fc5.m
309: Exported Message: /recovered/00/55b/5f/c5/4000000055be2bd819b3a8940051f8725fc5
318: Found Message: /store/00/55b/5f/c5/4000000055bd891c3196a614006917ca5fc5.m
311: Exported Message: /recovered/00/55b/5f/c5/4000000055bb9420178ec8dc006520805fc5
310: Exported Message: /recovered/00/55b/5f/c5/4000000055bbfc543113ca14001d63105fc5
319: Found Message: /store/00/55b/5f/c5/4000000055ba76291360ea24005aa9525fc5.m
320: Found Message: /store/00/55b/5f/c5/4000000055be234c0296123c00af8e075fc5.m
312: Exported Message: /recovered/00/55b/5f/c5/4000000055bd2fab03444014006f94925fc5
259: Exported Message: /recovered/00/55b/5f/5a/4000000055bbebf8356b878c00b14be65f5a
321: Found Message: /store/00/55b/5f/c5/4000000055bd419a390242dc00a8151e5fc5.m
223: Found Attachment: /store/00/55b/5f/d3/4000000055bbcf7a109235dc007ba5df5fd3.a5
322: Found Message: /store/00/55b/5f/c5/4000000055bd15fb3b92927c00ec63e05fc5.m
323: Found Message: /store/00/55b/5f/c5/4000000055bd500126ad776400486c675fc5.m
316: Exported Message: /recovered/00/55b/5f/c5/4000000055bd3f7f13837db40059f5515fc5
324: Found Message: /store/00/55b/5f/c5/4000000055bbe11131dde844006198035fc5.m
325: Found Message: /store/00/55b/5f/c5/4000000055beb0d10313f8b4008c2fbe5fc5.m
315: Exported Message: /recovered/00/55b/5f/c5/4000000055bee5dd0dd694640099dbbc5fc5
317: Exported Message: /recovered/00/55b/5f/c5/4000000055bd2676167601f400b935535fc5
283: Exported Message: /recovered/00/55b/5f/81/4000000055be658a2dff4e84008dc48c5f81
326: Found Message: /store/00/55b/5f/75/4000000055bbd7d1306b3da400cf20eb5f75.m
327: Found Message: /store/00/55b/5f/75/4000000055bbcdef082db254009d50645f75.m
320: Exported Message: /recovered/00/55b/5f/c5/4000000055be234c0296123c00af8e075fc5
328: Found Message: /store/00/55b/5f/75/4000000055be26a011db9a14002e47d55f75.m
329: Found Message: /store/00/55b/5f/75/4000000055bbd2b112585b9400f131b15f75.m
330: Found Message: /store/00/55b/5f/75/4000000055bc54d6319cd8040082d6de5f75.m
323: Exported Message: /recovered/00/55b/5f/c5/4000000055bd500126ad776400486c675fc5
324: Exported Message: /recovered/00/55b/5f/c5/4000000055bbe11131dde844006198035fc5
331: Found Message: /store/00/55b/5f/75/4000000055bf9c690af08f5c005733ba5f75.m
322: Exported Message: /recovered/00/55b/5f/c5/4000000055bd15fb3b92927c00ec63e05fc5
333: Found Message: /store/00/55b/5f/75/4000000055bf7fe519a0729c007e0ac25f75.m
332: Found Message: /store/00/55b/5f/75/4000000055bef30d06eb85c4007597035f75.m
325: Exported Message: /recovered/00/55b/5f/c5/4000000055beb0d10313f8b4008c2fbe5fc5
334: Found Message: /store/00/55b/5f/75/4000000055bf744f2b9887b400bafd9f5f75.m
335: Found Message: /store/00/55b/5f/75/4000000055bd85ef249a4aec001144575f75.m
336: Found Message: /store/00/55b/5f/75/4000000055bce38a244e4dcc0018676e5f75.m
337: Found Message: /store/00/55b/5f/75/4000000055bce48d1f6b6b3c00a032a45f75.m
328: Exported Message: /recovered/00/55b/5f/75/4000000055be26a011db9a14002e47d55f75
329: Exported Message: /recovered/00/55b/5f/75/4000000055bbd2b112585b9400f131b15f75
338: Found Message: /store/00/55b/5f/75/4000000055bb906d10e1e83400af843f5f75.m
313: Found Attachment: /store/00/55b/5f/c5/4000000055bd12fd274f974c006926e15fc5.a1
326: Exported Message: /recovered/00/55b/5f/75/4000000055bbd7d1306b3da400cf20eb5f75
330: Exported Message: /recovered/00/55b/5f/75/4000000055bc54d6319cd8040082d6de5f75
339: Found Message: /store/00/55b/5f/75/4000000055bbc9c30eaa91ec00f95ca75f75.m
327: Exported Message: /recovered/00/55b/5f/75/4000000055bbcdef082db254009d50645f75
331: Exported Message: /recovered/00/55b/5f/75/4000000055bf9c690af08f5c005733ba5f75
43: Exported Message: /recovered/00/55b/5f/98/4000000055be256c13ca1bd400bf6ad95f98
340: Found Message: /store/00/55b/5f/75/4000000055bd820f1ad74104001f47765f75.m
341: Found Message: /store/00/55b/5f/75/4000000055bd41be38945e0c006a58d05f75.m
332: Exported Message: /recovered/00/55b/5f/75/4000000055bef30d06eb85c4007597035f75
342: Found Message: /store/00/55b/5f/75/4000000055bfb1ea34c890cc001bcb195f75.m
318: Found Attachment: /store/00/55b/5f/c5/4000000055bd891c3196a614006917ca5fc5.a1
334: Exported Message: /recovered/00/55b/5f/75/4000000055bf744f2b9887b400bafd9f5f75
343: Found Message: /store/00/55b/5f/75/4000000055bede64235fcb3400b3558c5f75.m
344: Found Message: /store/00/55b/5f/75/4000000055be29b6140addf40079663d5f75.m
248: Found Attachment: /store/00/55b/5f/5a/4000000055bd8e3a0ad5a4bc002936065f5a.a4
335: Exported Message: /recovered/00/55b/5f/75/4000000055bd85ef249a4aec001144575f75
345: Found Message: /store/00/55b/5f/75/4000000055bbc9ff2063f43c00aaa4205f75.m
336: Exported Message: /recovered/00/55b/5f/75/4000000055bce38a244e4dcc0018676e5f75
321: Found Attachment: /store/00/55b/5f/c5/4000000055bd419a390242dc00a8151e5fc5.a1
346: Found Message: /store/00/55b/5f/75/4000000055bc4cf31f4e52040026e4795f75.m
340: Exported Message: /recovered/00/55b/5f/75/4000000055bd820f1ad74104001f47765f75
338: Exported Message: /recovered/00/55b/5f/75/4000000055bb906d10e1e83400af843f5f75
347: Found Message: /store/00/55b/5f/75/4000000055beb4c42e5f9ec400f8efe75f75.m
339: Exported Message: /recovered/00/55b/5f/75/4000000055bbc9c30eaa91ec00f95ca75f75
348: Found Message: /store/00/55b/5f/75/4000000055bbe39201677d4c008992445f75.m
349: Found Message: /store/00/55b/5f/75/4000000055ba6f0b2e7db5e400810a8d5f75.m
341: Exported Message: /recovered/00/55b/5f/75/4000000055bd41be38945e0c006a58d05f75
313: Exported Message: /recovered/00/55b/5f/c5/4000000055bd12fd274f974c006926e15fc5
-- saving counter to file: /recovered/continue.tmp
350: Found Message: /store/00/55b/5f/75/4000000055bd88462470f8cc00d4aecd5f75.m
318: Exported Message: /recovered/00/55b/5f/c5/4000000055bd891c3196a614006917ca5fc5
343: Exported Message: /recovered/00/55b/5f/75/4000000055bede64235fcb3400b3558c5f75
351: Found Message: /store/00/55b/5f/75/4000000055bd2e8c194e5ee400ac4fb05f75.m
352: Found Message: /store/00/55b/5f/75/4000000055bfa9f6176dfa6c00489e5e5f75.m
345: Exported Message: /recovered/00/55b/5f/75/4000000055bbc9ff2063f43c00aaa4205f75
333: Exported Message: /recovered/00/55b/5f/75/4000000055bf7fe519a0729c007e0ac25f75
344: Exported Message: /recovered/00/55b/5f/75/4000000055be29b6140addf40079663d5f75
321: Exported Message: /recovered/00/55b/5f/c5/4000000055bd419a390242dc00a8151e5fc5
346: Exported Message: /recovered/00/55b/5f/75/4000000055bc4cf31f4e52040026e4795f75
354: Found Message: /store/00/55b/5f/75/4000000055bebc3122cd85e4002d39b45f75.m
353: Found Message: /store/00/55b/5f/75/4000000055bb9e0c04c85b8c009d03eb5f75.m
223: Found Attachment: /store/00/55b/5f/d3/4000000055bbcf7a109235dc007ba5df5fd3.a6
248: Exported Message: /recovered/00/55b/5f/5a/4000000055bd8e3a0ad5a4bc002936065f5a
355: Found Message: /store/00/55b/5f/5f/4000000055bd2aad1c60520400cc84dd5f5f.m
356: Found Message: /store/00/55b/5f/5f/4000000055bbf32807a367fc0058e8e15f5f.m
349: Exported Message: /recovered/00/55b/5f/75/4000000055ba6f0b2e7db5e400810a8d5f75
347: Exported Message: /recovered/00/55b/5f/75/4000000055beb4c42e5f9ec400f8efe75f75
319: Exported Message: /recovered/00/55b/5f/c5/4000000055ba76291360ea24005aa9525fc5
357: Found Message: /store/00/55b/5f/5f/4000000055bb9e07278cb7bc00d363f15f5f.m
358: Found Message: /store/00/55b/5f/5f/4000000055bea1cd049b022c0022f3e85f5f.m
359: Found Message: /store/00/55b/5f/5f/4000000055bbdd6a092d441c00fe2ebc5f5f.m
351: Exported Message: /recovered/00/55b/5f/75/4000000055bd2e8c194e5ee400ac4fb05f75
314: Exported Message: /recovered/00/55b/5f/c5/4000000055bd5aad2274cef4005694965fc5
360: Found Message: /store/00/55b/5f/5f/4000000055ba54a82efe346c009885e65f5f.m
361: Found Message: /store/00/55b/5f/5f/4000000055bee9fc3176be1c00aa31705f5f.m
362: Found Message: /store/00/55b/5f/5f/4000000055bfc68b234793fc00e642065f5f.m
354: Exported Message: /recovered/00/55b/5f/75/4000000055bebc3122cd85e4002d39b45f75
353: Exported Message: /recovered/00/55b/5f/75/4000000055bb9e0c04c85b8c009d03eb5f75
363: Found Message: /store/00/55b/5f/5f/4000000055bbb5a42747ee5c000d29e95f5f.m
364: Found Message: /store/00/55b/5f/5f/4000000055bd10213b6174440022db855f5f.m
355: Exported Message: /recovered/00/55b/5f/5f/4000000055bd2aad1c60520400cc84dd5f5f
357: Exported Message: /recovered/00/55b/5f/5f/4000000055bb9e07278cb7bc00d363f15f5f
356: Exported Message: /recovered/00/55b/5f/5f/4000000055bbf32807a367fc0058e8e15f5f
365: Found Message: /store/00/55b/5f/5f/4000000055bd7dd80ad0f19c00209b425f5f.m
366: Found Message: /store/00/55b/5f/5f/4000000055bf7295221efa4c00e7e1465f5f.m
342: Exported Message: /recovered/00/55b/5f/75/4000000055bfb1ea34c890cc001bcb195f75
358: Exported Message: /recovered/00/55b/5f/5f/4000000055bea1cd049b022c0022f3e85f5f
367: Found Message: /store/00/55b/5f/5f/4000000055bfc65820b84a14007921ac5f5f.m
368: Found Message: /store/00/55b/5f/5f/4000000055bc44890a552a1c007b8d645f5f.m
359: Exported Message: /recovered/00/55b/5f/5f/4000000055bbdd6a092d441c00fe2ebc5f5f
369: Found Message: /store/00/55b/5f/5f/4000000055bc54472eae66bc001756075f5f.m
370: Found Message: /store/00/55b/5f/5f/4000000055bb9c3006357c3400c7bcb95f5f.m
371: Found Message: /store/00/55b/5f/5f/4000000055bbe16301501cec002387835f5f.m
361: Exported Message: /recovered/00/55b/5f/5f/4000000055bee9fc3176be1c00aa31705f5f
372: Found Message: /store/00/55b/5f/5f/4000000055bd175d0def92d4000eaeaa5f5f.m
373: Found Message: /store/00/55b/5f/5f/4000000055bf6a98185f7e8c00e097ad5f5f.m
364: Exported Message: /recovered/00/55b/5f/5f/4000000055bd10213b6174440022db855f5f
374: Found Message: /store/00/55b/5f/5f/4000000055beac631afced8c00253eac5f5f.m
375: Found Message: /store/00/55b/5f/5f/4000000055bd376d1d65bbe4008ef7a75f5f.m
376: Found Message: /store/00/55b/5f/5f/4000000055beed490ed7a4fc009ed85d5f5f.m
368: Exported Message: /recovered/00/55b/5f/5f/4000000055bc44890a552a1c007b8d645f5f
350: Found Attachment: /store/00/55b/5f/75/4000000055bd88462470f8cc00d4aecd5f75.a1
377: Found Message: /store/00/55b/5f/5f/4000000055be6fb526cfff3c002daec15f5f.m
352: Exported Message: /recovered/00/55b/5f/75/4000000055bfa9f6176dfa6c00489e5e5f75
348: Found Attachment: /store/00/55b/5f/75/4000000055bbe39201677d4c008992445f75.a1
370: Exported Message: /recovered/00/55b/5f/5f/4000000055bb9c3006357c3400c7bcb95f5f
378: Found Message: /store/00/55b/5f/5f/4000000055be1d8330f44f7c00ebd2dc5f5f.m
365: Exported Message: /recovered/00/55b/5f/5f/4000000055bd7dd80ad0f19c00209b425f5f
379: Found Message: /store/00/55b/5f/5f/4000000055bd28ca02ce50ac00393d155f5f.m
380: Found Message: /store/00/55b/5f/5f/4000000055bb9a6c08d92cc4008ae4b95f5f.m
381: Found Message: /store/00/55b/5f/5f/4000000055bd20dc247f3d2400f2288b5f5f.m
372: Exported Message: /recovered/00/55b/5f/5f/4000000055bd175d0def92d4000eaeaa5f5f
374: Exported Message: /recovered/00/55b/5f/5f/4000000055beac631afced8c00253eac5f5f
373: Exported Message: /recovered/00/55b/5f/5f/4000000055bf6a98185f7e8c00e097ad5f5f
375: Exported Message: /recovered/00/55b/5f/5f/4000000055bd376d1d65bbe4008ef7a75f5f
371: Exported Message: /recovered/00/55b/5f/5f/4000000055bbe16301501cec002387835f5f
376: Exported Message: /recovered/00/55b/5f/5f/4000000055beed490ed7a4fc009ed85d5f5f
363: Found Attachment: /store/00/55b/5f/5f/4000000055bbb5a42747ee5c000d29e95f5f.a1
378: Exported Message: /recovered/00/55b/5f/5f/4000000055be1d8330f44f7c00ebd2dc5f5f
348: Exported Message: /recovered/00/55b/5f/75/4000000055bbe39201677d4c008992445f75
379: Exported Message: /recovered/00/55b/5f/5f/4000000055bd28ca02ce50ac00393d155f5f
360: Exported Message: /recovered/00/55b/5f/5f/4000000055ba54a82efe346c009885e65f5f
381: Exported Message: /recovered/00/55b/5f/5f/4000000055bd20dc247f3d2400f2288b5f5f
367: Exported Message: /recovered/00/55b/5f/5f/4000000055bfc65820b84a14007921ac5f5f
337: Found Attachment: /store/00/55b/5f/75/4000000055bce48d1f6b6b3c00a032a45f75.a3
223: Found Attachment: /store/00/55b/5f/d3/4000000055bbcf7a109235dc007ba5df5fd3.a7
369: Found Attachment: /store/00/55b/5f/5f/4000000055bc54472eae66bc001756075f5f.a1
362: Exported Message: /recovered/00/55b/5f/5f/4000000055bfc68b234793fc00e642065f5f
366: Exported Message: /recovered/00/55b/5f/5f/4000000055bf7295221efa4c00e7e1465f5f
337: Exported Message: /recovered/00/55b/5f/75/4000000055bce48d1f6b6b3c00a032a45f75
380: Found Attachment: /store/00/55b/5f/5f/4000000055bb9a6c08d92cc4008ae4b95f5f.a1
350: Found Attachment: /store/00/55b/5f/75/4000000055bd88462470f8cc00d4aecd5f75.a2
363: Found Attachment: /store/00/55b/5f/5f/4000000055bbb5a42747ee5c000d29e95f5f.a2
377: Exported Message: /recovered/00/55b/5f/5f/4000000055be6fb526cfff3c002daec15f5f
380: Exported Message: /recovered/00/55b/5f/5f/4000000055bb9a6c08d92cc4008ae4b95f5f
369: Found Attachment: /store/00/55b/5f/5f/4000000055bc54472eae66bc001756075f5f.a2
363: Exported Message: /recovered/00/55b/5f/5f/4000000055bbb5a42747ee5c000d29e95f5f
382: Found Message: /store/00/55b/5f/5f/4000000055bfdb593ac36b3c002f771b5f5f.m
383: Found Message: /store/00/55b/5f/12/4000000055beee0c1bb354dc000295705f12.m
384: Found Message: /store/00/55b/5f/12/4000000055bce7343780177c002220895f12.m
385: Found Message: /store/00/55b/5f/12/4000000055bd7cf126d5854c001604fc5f12.m
386: Found Message: /store/00/55b/5f/12/4000000055bd36840a7cedcc0029a0585f12.m
387: Found Message: /store/00/55b/5f/12/4000000055bbe2c701fc898c002a231b5f12.m
388: Found Message: /store/00/55b/5f/12/4000000055bd629d11f5f42c006a27d05f12.m
389: Found Message: /store/00/55b/5f/12/4000000055bbd6ab07e99ca4002218735f12.m
223: Found Attachment: /store/00/55b/5f/d3/4000000055bbcf7a109235dc007ba5df5fd3.a8
390: Found Message: /store/00/55b/5f/12/4000000055bd2e3120b3f0cc00e1756b5f12.m
391: Found Message: /store/00/55b/5f/12/4000000055be7fbd2cf1ca6c00a9b2775f12.m
350: Exported Message: /recovered/00/55b/5f/75/4000000055bd88462470f8cc00d4aecd5f75
392: Found Message: /store/00/55b/5f/12/4000000055bb9e4017cc5e7c00dfb86a5f12.m
393: Found Message: /store/00/55b/5f/12/4000000055bea1a50d8a398400aab6c95f12.m
384: Exported Message: /recovered/00/55b/5f/12/4000000055bce7343780177c002220895f12
394: Found Message: /store/00/55b/5f/12/4000000055bbe22c2119bf4c00c418435f12.m
385: Exported Message: /recovered/00/55b/5f/12/4000000055bd7cf126d5854c001604fc5f12
395: Found Message: /store/00/55b/5f/12/4000000055bc48192d08b984008f62ab5f12.m
388: Exported Message: /recovered/00/55b/5f/12/4000000055bd629d11f5f42c006a27d05f12
396: Found Message: /store/00/55b/5f/12/4000000055bf473c17f650c4005e6eaa5f12.m
387: Exported Message: /recovered/00/55b/5f/12/4000000055bbe2c701fc898c002a231b5f12
397: Found Message: /store/00/55b/5f/12/4000000055bf5e7313bcd94c00a84e3f5f12.m
390: Exported Message: /recovered/00/55b/5f/12/4000000055bd2e3120b3f0cc00e1756b5f12
399: Found Message: /store/00/55b/5f/12/4000000055bcf1ed197ab674002104b35f12.m
398: Found Message: /store/00/55b/5f/12/4000000055bd5a0c35551d44002823095f12.m
391: Exported Message: /recovered/00/55b/5f/12/4000000055be7fbd2cf1ca6c00a9b2775f12
-- saving counter to file: /recovered/continue.tmp
392: Exported Message: /recovered/00/55b/5f/12/4000000055bb9e4017cc5e7c00dfb86a5f12
400: Found Message: /store/00/55b/5f/12/4000000055bfc8e02e33899c000d0f395f12.m
393: Exported Message: /recovered/00/55b/5f/12/4000000055bea1a50d8a398400aab6c95f12
394: Exported Message: /recovered/00/55b/5f/12/4000000055bbe22c2119bf4c00c418435f12
401: Found Message: /store/00/55b/5f/12/4000000055bfd4463688aba400a307d85f12.m
402: Found Message: /store/00/55b/5f/12/4000000055bcf6781e077e0c005024015f12.m
395: Exported Message: /recovered/00/55b/5f/12/4000000055bc48192d08b984008f62ab5f12
403: Found Message: /store/00/55b/5f/12/4000000055bfa1a1111db0e400de440a5f12.m
369: Found Attachment: /store/00/55b/5f/5f/4000000055bc54472eae66bc001756075f5f.a3
383: Exported Message: /recovered/00/55b/5f/12/4000000055beee0c1bb354dc000295705f12
404: Found Message: /store/00/55b/5f/12/4000000055bd36c82c2ad4d4002584d35f12.m
405: Found Message: /store/00/55b/5f/12/4000000055be72a20cfdf35c009834c95f12.m
406: Found Message: /store/00/55b/5f/12/4000000055bee40a21724f2c00fd87e45f12.m
397: Exported Message: /recovered/00/55b/5f/12/4000000055bf5e7313bcd94c00a84e3f5f12
407: Found Message: /store/00/55b/5f/12/4000000055bbbc7d3aad52fc00a53efd5f12.m
399: Exported Message: /recovered/00/55b/5f/12/4000000055bcf1ed197ab674002104b35f12
408: Found Message: /store/00/55b/5f/12/4000000055bd7c7721dcbd4400687e4e5f12.m
398: Exported Message: /recovered/00/55b/5f/12/4000000055bd5a0c35551d44002823095f12
401: Exported Message: /recovered/00/55b/5f/12/4000000055bfd4463688aba400a307d85f12
410: Found Message: /store/00/55b/5f/12/4000000055bd85332664319400e63da25f12.m
409: Found Message: /store/00/55b/5f/12/4000000055beab9a0618ad34002ef5bc5f12.m
411: Found Message: /store/00/55b/5f/12/4000000055bd18170b29c7cc007695965f12.m
400: Exported Message: /recovered/00/55b/5f/12/4000000055bfc8e02e33899c000d0f395f12
412: Found Message: /store/00/55b/5f/e5/4000000055beba7c1493d85c007ba9065fe5.m
413: Found Message: /store/00/55b/5f/e5/4000000055bcd48b3401e9540033ab015fe5.m
404: Exported Message: /recovered/00/55b/5f/12/4000000055bd36c82c2ad4d4002584d35f12
414: Found Message: /store/00/55b/5f/e5/4000000055be21572a39e9e400378c1d5fe5.m
402: Exported Message: /recovered/00/55b/5f/12/4000000055bcf6781e077e0c005024015f12
415: Found Message: /store/00/55b/5f/e5/4000000055bbff3b03650a9c00e453fd5fe5.m
416: Found Message: /store/00/55b/5f/e5/4000000055be1ebe081cc64c007701215fe5.m
406: Exported Message: /recovered/00/55b/5f/12/4000000055bee40a21724f2c00fd87e45f12
405: Exported Message: /recovered/00/55b/5f/12/4000000055be72a20cfdf35c009834c95f12
417: Found Message: /store/00/55b/5f/e5/4000000055beb90a3482c1b400fec1b45fe5.m
409: Exported Message: /recovered/00/55b/5f/12/4000000055beab9a0618ad34002ef5bc5f12
396: Exported Message: /recovered/00/55b/5f/12/4000000055bf473c17f650c4005e6eaa5f12
410: Exported Message: /recovered/00/55b/5f/12/4000000055bd85332664319400e63da25f12
411: Exported Message: /recovered/00/55b/5f/12/4000000055bd18170b29c7cc007695965f12
407: Exported Message: /recovered/00/55b/5f/12/4000000055bbbc7d3aad52fc00a53efd5f12
418: Found Message: /store/00/55b/5f/e5/4000000055beb43814fcc3bc00bd62775fe5.m
419: Found Message: /store/00/55b/5f/e5/4000000055bcd28d25ea082400d997a75fe5.m
420: Found Message: /store/00/55b/5f/e5/4000000055bed74d1d32923c00d94d005fe5.m
421: Found Message: /store/00/55b/5f/e5/4000000055beb8593613681c009026995fe5.m
389: Found Attachment: /store/00/55b/5f/12/4000000055bbd6ab07e99ca4002218735f12.a1
412: Exported Message: /recovered/00/55b/5f/e5/4000000055beba7c1493d85c007ba9065fe5
422: Found Message: /store/00/55b/5f/e5/4000000055bd473a0b1f30dc00b4143f5fe5.m
414: Exported Message: /recovered/00/55b/5f/e5/4000000055be21572a39e9e400378c1d5fe5
413: Exported Message: /recovered/00/55b/5f/e5/4000000055bcd48b3401e9540033ab015fe5
423: Found Message: /store/00/55b/5f/e5/4000000055bbe5b52a53328c0012c8e85fe5.m
424: Found Message: /store/00/55b/5f/e5/4000000055bfd6f202e274ec00e5a82d5fe5.m
369: Exported Message: /recovered/00/55b/5f/5f/4000000055bc54472eae66bc001756075f5f
416: Exported Message: /recovered/00/55b/5f/e5/4000000055be1ebe081cc64c007701215fe5
425: Found Message: /store/00/55b/5f/e5/4000000055bcd6200bb3b07c0095b8005fe5.m
426: Found Message: /store/00/55b/5f/e5/4000000055bd24351557535400ed26105fe5.m
417: Exported Message: /recovered/00/55b/5f/e5/4000000055beb90a3482c1b400fec1b45fe5
403: Exported Message: /recovered/00/55b/5f/12/4000000055bfa1a1111db0e400de440a5f12
427: Found Message: /store/00/55b/5f/e5/4000000055bf942822a209140006aa565fe5.m
418: Exported Message: /recovered/00/55b/5f/e5/4000000055beb43814fcc3bc00bd62775fe5
421: Exported Message: /recovered/00/55b/5f/e5/4000000055beb8593613681c009026995fe5
428: Found Message: /store/00/55b/5f/e5/4000000055bd8ac51bbb8a6c0042d3135fe5.m
419: Exported Message: /recovered/00/55b/5f/e5/4000000055bcd28d25ea082400d997a75fe5
429: Found Message: /store/00/55b/5f/e5/4000000055bd1e6201c4fecc0018215a5fe5.m
422: Exported Message: /recovered/00/55b/5f/e5/4000000055bd473a0b1f30dc00b4143f5fe5
430: Found Message: /store/00/55b/5f/e5/4000000055bec1fe17d8e19c00082cc25fe5.m
389: Exported Message: /recovered/00/55b/5f/12/4000000055bbd6ab07e99ca4002218735f12
431: Found Message: /store/00/55b/5f/e5/4000000055bb99ea26094c0c0058d0f75fe5.m
223: Found Attachment: /store/00/55b/5f/d3/4000000055bbcf7a109235dc007ba5df5fd3.a9
432: Found Message: /store/00/55b/5f/e5/4000000055bd28d7090efa340049c2d15fe5.m
433: Found Message: /store/00/55b/5f/e5/4000000055bd5d851573e3d40094bb565fe5.m
423: Exported Message: /recovered/00/55b/5f/e5/4000000055bbe5b52a53328c0012c8e85fe5
408: Exported Message: /recovered/00/55b/5f/12/4000000055bd7c7721dcbd4400687e4e5f12
434: Found Message: /store/00/55b/5f/e5/4000000055bf87042fc30ef400616e8d5fe5.m
425: Exported Message: /recovered/00/55b/5f/e5/4000000055bcd6200bb3b07c0095b8005fe5
435: Found Message: /store/00/55b/5f/e5/4000000055bcdfc12e60006c00bd5a7b5fe5.m
426: Exported Message: /recovered/00/55b/5f/e5/4000000055bd24351557535400ed26105fe5
436: Found Message: /store/00/55b/5f/e4/4000000055bcdc501b9be0f4008d14aa5fe4.m
437: Found Message: /store/00/55b/5f/e4/4000000055bebb1c32a1f7ac006927395fe4.m
428: Exported Message: /recovered/00/55b/5f/e5/4000000055bd8ac51bbb8a6c0042d3135fe5
431: Exported Message: /recovered/00/55b/5f/e5/4000000055bb99ea26094c0c0058d0f75fe5
438: Found Message: /store/00/55b/5f/e4/4000000055bcd31730d72e740043cadd5fe4.m
429: Exported Message: /recovered/00/55b/5f/e5/4000000055bd1e6201c4fecc0018215a5fe5
382: Found Attachment: /store/00/55b/5f/5f/4000000055bfdb593ac36b3c002f771b5f5f.a4
439: Found Message: /store/00/55b/5f/e4/4000000055be734622a56c4400eb12de5fe4.m
433: Exported Message: /recovered/00/55b/5f/e5/4000000055bd5d851573e3d40094bb565fe5
440: Found Message: /store/00/55b/5f/e4/4000000055bc4ad82c19fc5400a9d7715fe4.m
430: Exported Message: /recovered/00/55b/5f/e5/4000000055bec1fe17d8e19c00082cc25fe5
441: Found Message: /store/00/55b/5f/e4/4000000055bf51b908aea9f40068fd7f5fe4.m
442: Found Message: /store/00/55b/5f/e4/4000000055bea87b2c883ee4009c926f5fe4.m
420: Found Attachment: /store/00/55b/5f/e5/4000000055bed74d1d32923c00d94d005fe5.a1
432: Exported Message: /recovered/00/55b/5f/e5/4000000055bd28d7090efa340049c2d15fe5
443: Found Message: /store/00/55b/5f/e4/4000000055bd5095043fab5c00d16eeb5fe4.m
435: Exported Message: /recovered/00/55b/5f/e5/4000000055bcdfc12e60006c00bd5a7b5fe5
415: Found Attachment: /store/00/55b/5f/e5/4000000055bbff3b03650a9c00e453fd5fe5.a1
436: Exported Message: /recovered/00/55b/5f/e4/4000000055bcdc501b9be0f4008d14aa5fe4
444: Found Message: /store/00/55b/5f/e4/4000000055bf51cc0d90c54c00df62365fe4.m
445: Found Message: /store/00/55b/5f/e4/4000000055be28ae03e65c14004ea5395fe4.m
437: Exported Message: /recovered/00/55b/5f/e4/4000000055bebb1c32a1f7ac006927395fe4
446: Found Message: /store/00/55b/5f/e4/4000000055bd75ee0850884c002391b15fe4.m
447: Found Message: /store/00/55b/5f/e4/4000000055bfa4f924fa0e8c0087a1b05fe4.m
440: Exported Message: /recovered/00/55b/5f/e4/4000000055bc4ad82c19fc5400a9d7715fe4
448: Found Message: /store/00/55b/5f/e4/4000000055bd410722a5935400c7f7b35fe4.m
439: Exported Message: /recovered/00/55b/5f/e4/4000000055be734622a56c4400eb12de5fe4
449: Found Message: /store/00/55b/5f/e4/4000000055bc4724371cd93c007014015fe4.m
-- saving counter to file: /recovered/continue.tmp
450: Found Message: /store/00/55b/5f/e4/4000000055bf6802053ecbdc005e67455fe4.m
451: Found Message: /store/00/55b/5f/e4/4000000055bd28932e1d2ef40090f4205fe4.m
427: Exported Message: /recovered/00/55b/5f/e5/4000000055bf942822a209140006aa565fe5
441: Exported Message: /recovered/00/55b/5f/e4/4000000055bf51b908aea9f40068fd7f5fe4
452: Found Message: /store/00/55b/5f/e4/4000000055ba727738454bdc00bc58865fe4.m
438: Exported Message: /recovered/00/55b/5f/e4/4000000055bcd31730d72e740043cadd5fe4
453: Found Message: /store/00/55b/5f/e4/4000000055bf5cdd132fdf74008e9d7a5fe4.m
442: Exported Message: /recovered/00/55b/5f/e4/4000000055bea87b2c883ee4009c926f5fe4
443: Exported Message: /recovered/00/55b/5f/e4/4000000055bd5095043fab5c00d16eeb5fe4
454: Found Message: /store/00/55b/5f/e4/4000000055bfcad62c76c25400d8646a5fe4.m
446: Exported Message: /recovered/00/55b/5f/e4/4000000055bd75ee0850884c002391b15fe4
445: Exported Message: /recovered/00/55b/5f/e4/4000000055be28ae03e65c14004ea5395fe4
455: Found Message: /store/00/55b/5f/e4/4000000055bec3b01c77aa940072691b5fe4.m
420: Exported Message: /recovered/00/55b/5f/e5/4000000055bed74d1d32923c00d94d005fe5
456: Found Message: /store/00/55b/5f/e4/4000000055bc3992204c5d2c0087b89f5fe4.m
434: Exported Message: /recovered/00/55b/5f/e5/4000000055bf87042fc30ef400616e8d5fe5
457: Found Message: /store/00/55b/5f/e4/4000000055bc343a197af8dc00aef51f5fe4.m
458: Found Message: /store/00/55b/5f/e4/4000000055bbd2c91be1fa4400a29b3b5fe4.m
459: Found Message: /store/00/55b/5f/e4/4000000055bc54a52d209acc00cca8f05fe4.m
452: Exported Message: /recovered/00/55b/5f/e4/4000000055ba727738454bdc00bc58865fe4
460: Found Message: /store/00/55b/5f/e4/4000000055bea5c506692aac00c7173a5fe4.m
451: Exported Message: /recovered/00/55b/5f/e4/4000000055bd28932e1d2ef40090f4205fe4
448: Exported Message: /recovered/00/55b/5f/e4/4000000055bd410722a5935400c7f7b35fe4
461: Found Message: /store/00/55b/5f/e4/4000000055bd12221bdec5f4008f03f75fe4.m
454: Exported Message: /recovered/00/55b/5f/e4/4000000055bfcad62c76c25400d8646a5fe4
462: Found Message: /store/00/55b/5f/e4/4000000055b774cd0320ba54001f3a925fe4.m
463: Found Message: /store/00/55b/5f/e4/4000000055bb9c3a24b48d94007111355fe4.m
382: Found Attachment: /store/00/55b/5f/5f/4000000055bfdb593ac36b3c002f771b5f5f.a5
456: Exported Message: /recovered/00/55b/5f/e4/4000000055bc3992204c5d2c0087b89f5fe4
464: Found Message: /store/00/55b/5f/e4/4000000055bfa17b21727254000866585fe4.m
465: Found Message: /store/00/55b/5f/ca/4000000055bd5bb81dfa7234009c78c95fca.m
424: Exported Message: /recovered/00/55b/5f/e5/4000000055bfd6f202e274ec00e5a82d5fe5
459: Exported Message: /recovered/00/55b/5f/e4/4000000055bc54a52d209acc00cca8f05fe4
457: Exported Message: /recovered/00/55b/5f/e4/4000000055bc343a197af8dc00aef51f5fe4
466: Found Message: /store/00/55b/5f/ca/4000000055bd356b39f2adbc007a78eb5fca.m
458: Exported Message: /recovered/00/55b/5f/e4/4000000055bbd2c91be1fa4400a29b3b5fe4
460: Exported Message: /recovered/00/55b/5f/e4/4000000055bea5c506692aac00c7173a5fe4
467: Found Message: /store/00/55b/5f/ca/4000000055bd872e3a6198440004695c5fca.m
444: Exported Message: /recovered/00/55b/5f/e4/4000000055bf51cc0d90c54c00df62365fe4
188: Exported Message: /recovered/00/55b/5f/b2/4000000055b7d35502ef0f7c00cd021b5fb2
468: Found Message: /store/00/55b/5f/ca/4000000055bd1a880fed2fc4006d89205fca.m
461: Exported Message: /recovered/00/55b/5f/e4/4000000055bd12221bdec5f4008f03f75fe4
469: Found Message: /store/00/55b/5f/ca/4000000055bfc53223dfe044004354bd5fca.m
223: Found Attachment: /store/00/55b/5f/d3/4000000055bbcf7a109235dc007ba5df5fd3.a10
450: Exported Message: /recovered/00/55b/5f/e4/4000000055bf6802053ecbdc005e67455fe4
470: Found Message: /store/00/55b/5f/ca/4000000055bcdb7e2c15687400c581155fca.m
464: Exported Message: /recovered/00/55b/5f/e4/4000000055bfa17b21727254000866585fe4
463: Exported Message: /recovered/00/55b/5f/e4/4000000055bb9c3a24b48d94007111355fe4
462: Exported Message: /recovered/00/55b/5f/e4/4000000055b774cd0320ba54001f3a925fe4
471: Found Message: /store/00/55b/5f/ca/4000000055bc34793437d9ec00a76d305fca.m
465: Exported Message: /recovered/00/55b/5f/ca/4000000055bd5bb81dfa7234009c78c95fca
473: Found Message: /store/00/55b/5f/ca/4000000055bbe1282299eaf40028fe3b5fca.m
472: Found Message: /store/00/55b/5f/ca/4000000055bce225117b26ac00b84eab5fca.m
474: Found Message: /store/00/55b/5f/ca/4000000055bd792e11d617ec00ed44595fca.m
475: Found Message: /store/00/55b/5f/ca/4000000055beb1fb0b4f8bc400d9935e5fca.m
466: Exported Message: /recovered/00/55b/5f/ca/4000000055bd356b39f2adbc007a78eb5fca
476: Found Message: /store/00/55b/5f/ca/4000000055bce80914b44524003542885fca.m
477: Found Message: /store/00/55b/5f/ca/4000000055bd50021d19af24002683575fca.m
415: Found Attachment: /store/00/55b/5f/e5/4000000055bbff3b03650a9c00e453fd5fe5.a2
478: Found Message: /store/00/55b/5f/ca/4000000055bc551f1120068c00b828705fca.m
467: Exported Message: /recovered/00/55b/5f/ca/4000000055bd872e3a6198440004695c5fca
455: Found Attachment: /store/00/55b/5f/e4/4000000055bec3b01c77aa940072691b5fe4.a1
469: Exported Message: /recovered/00/55b/5f/ca/4000000055bfc53223dfe044004354bd5fca
382: Exported Message: /recovered/00/55b/5f/5f/4000000055bfdb593ac36b3c002f771b5f5f
473: Exported Message: /recovered/00/55b/5f/ca/4000000055bbe1282299eaf40028fe3b5fca
479: Found Message: /store/00/55b/5f/ca/4000000055bc4af81e121ccc00da16f65fca.m
472: Exported Message: /recovered/00/55b/5f/ca/4000000055bce225117b26ac00b84eab5fca
480: Found Message: /store/00/55b/5f/ca/4000000055bc54ed2be0b4440042e36d5fca.m
481: Found Message: /store/00/55b/5f/ca/4000000055bd81f221ff2dac0005e8855fca.m
474: Exported Message: /recovered/00/55b/5f/ca/4000000055bd792e11d617ec00ed44595fca
449: Found Attachment: /store/00/55b/5f/e4/4000000055bc4724371cd93c007014015fe4.a2
482: Found Message: /store/00/55b/5f/ca/4000000055bfcc77277aa2d400254ca55fca.m
475: Exported Message: /recovered/00/55b/5f/ca/4000000055beb1fb0b4f8bc400d9935e5fca
447: Exported Message: /recovered/00/55b/5f/e4/4000000055bfa4f924fa0e8c0087a1b05fe4
476: Exported Message: /recovered/00/55b/5f/ca/4000000055bce80914b44524003542885fca
483: Found Message: /store/00/55b/5f/ca/4000000055bd54e224f26d6c00d668125fca.m
484: Found Message: /store/00/55b/5f/ca/4000000055bd2e8a0014ab0400e7f5145fca.m
485: Found Message: /store/00/55b/5f/ca/4000000055ba44dd1f3498140007fcc15fca.m
486: Found Message: /store/00/55b/5f/ca/4000000055bb90c604f7e76c0019eeba5fca.m
477: Exported Message: /recovered/00/55b/5f/ca/4000000055bd50021d19af24002683575fca
487: Found Message: /store/00/55b/5f/ca/4000000055bd257c3759d29c00760d865fca.m
480: Exported Message: /recovered/00/55b/5f/ca/4000000055bc54ed2be0b4440042e36d5fca
488: Found Message: /store/00/55b/5f/ca/4000000055bd8da30cf28d64001d7c105fca.m
479: Exported Message: /recovered/00/55b/5f/ca/4000000055bc4af81e121ccc00da16f65fca
489: Found Message: /store/00/55b/5f/ca/4000000055bcd4e20c5bfa8400dc01325fca.m
453: Exported Message: /recovered/00/55b/5f/e4/4000000055bf5cdd132fdf74008e9d7a5fe4
481: Exported Message: /recovered/00/55b/5f/ca/4000000055bd81f221ff2dac0005e8855fca
490: Found Message: /store/00/55b/5f/ca/4000000055bc367503c6359c00911dfa5fca.m
455: Exported Message: /recovered/00/55b/5f/e4/4000000055bec3b01c77aa940072691b5fe4
492: Found Message: /store/00/55b/5f/ca/4000000055bf5f9b1a2c727400800c115fca.m
491: Found Message: /store/00/55b/5f/ca/4000000055be10ea2faa899c00b4bbc75fca.m
470: Exported Message: /recovered/00/55b/5f/ca/4000000055bcdb7e2c15687400c581155fca
493: Found Message: /store/00/55b/5f/ca/4000000055bd13ff03a4d6a400a85fcd5fca.m
485: Exported Message: /recovered/00/55b/5f/ca/4000000055ba44dd1f3498140007fcc15fca
494: Found Message: /store/00/55b/5f/ca/4000000055bbde8b3b268e2400c8bd1c5fca.m
495: Found Message: /store/00/55b/5f/ca/4000000055be1e400745d2f40035e1045fca.m
486: Exported Message: /recovered/00/55b/5f/ca/4000000055bb90c604f7e76c0019eeba5fca
484: Exported Message: /recovered/00/55b/5f/ca/4000000055bd2e8a0014ab0400e7f5145fca
496: Found Message: /store/00/55b/5f/ca/4000000055bbfb2d182caad4008c760d5fca.m
483: Exported Message: /recovered/00/55b/5f/ca/4000000055bd54e224f26d6c00d668125fca
497: Found Message: /store/00/55b/5f/ca/4000000055bd2ebc1ef4667c00c2ed555fca.m
489: Exported Message: /recovered/00/55b/5f/ca/4000000055bcd4e20c5bfa8400dc01325fca
487: Exported Message: /recovered/00/55b/5f/ca/4000000055bd257c3759d29c00760d865fca
498: Found Message: /store/00/55b/5f/ca/4000000055bd41da0dadd2cc00f989305fca.m
468: Exported Message: /recovered/00/55b/5f/ca/4000000055bd1a880fed2fc4006d89205fca
488: Exported Message: /recovered/00/55b/5f/ca/4000000055bd8da30cf28d64001d7c105fca
499: Found Message: /store/00/55b/5f/ca/4000000055bb9c4d1f4a085c00b40ec75fca.m
490: Exported Message: /recovered/00/55b/5f/ca/4000000055bc367503c6359c00911dfa5fca
415: Exported Message: /recovered/00/55b/5f/e5/4000000055bbff3b03650a9c00e453fd5fe5
492: Exported Message: /recovered/00/55b/5f/ca/4000000055bf5f9b1a2c727400800c115fca
223: Exported Message: /recovered/00/55b/5f/d3/4000000055bbcf7a109235dc007ba5df5fd3
491: Exported Message: /recovered/00/55b/5f/ca/4000000055be10ea2faa899c00b4bbc75fca
471: Found Attachment: /store/00/55b/5f/ca/4000000055bc34793437d9ec00a76d305fca.a1
494: Exported Message: /recovered/00/55b/5f/ca/4000000055bbde8b3b268e2400c8bd1c5fca
493: Exported Message: /recovered/00/55b/5f/ca/4000000055bd13ff03a4d6a400a85fcd5fca
495: Exported Message: /recovered/00/55b/5f/ca/4000000055be1e400745d2f40035e1045fca
496: Exported Message: /recovered/00/55b/5f/ca/4000000055bbfb2d182caad4008c760d5fca
478: Found Attachment: /store/00/55b/5f/ca/4000000055bc551f1120068c00b828705fca.a1
498: Exported Message: /recovered/00/55b/5f/ca/4000000055bd41da0dadd2cc00f989305fca
449: Exported Message: /recovered/00/55b/5f/e4/4000000055bc4724371cd93c007014015fe4
386: Exported Message: /recovered/00/55b/5f/12/4000000055bd36840a7cedcc0029a0585f12
499: Exported Message: /recovered/00/55b/5f/ca/4000000055bb9c4d1f4a085c00b40ec75fca
Cnt: 500 | Msg: 499 | Ign: 0 | Time: 0:00:00:10 | Rate: 0.00 m/s | Avg: 49.90 m/s | 2994.0 m/m | 179640 m/h | 4311360 m/d
-- saving counter to file: /recovered/continue.tmp
-------------- MAX MAILS REACHED --------------
-------------- WAITING FOR JOBS TO COMPLETE --------------
500: Found Message: /store/00/55b/5f/ff/4000000055bbc0d311876f3400ceec3e5fff.m
Saving counter to file: /recovered/continue.tmp
471: Exported Message: /recovered/00/55b/5f/ca/4000000055bc34793437d9ec00a76d305fca
478: Exported Message: /recovered/00/55b/5f/ca/4000000055bc551f1120068c00b828705fca
497: Found Attachment: /store/00/55b/5f/ca/4000000055bd2ebc1ef4667c00c2ed555fca.a1
500: Exported Message: /recovered/00/55b/5f/ff/4000000055bbc0d311876f3400ceec3e5fff
482: Found Attachment: /store/00/55b/5f/ca/4000000055bfcc77277aa2d400254ca55fca.a3
497: Exported Message: /recovered/00/55b/5f/ca/4000000055bd2ebc1ef4667c00c2ed555fca
482: Exported Message: /recovered/00/55b/5f/ca/4000000055bfcc77277aa2d400254ca55fca
Last Directory: /store/00/55b/5f/ff
Last File: /store/00/55b/5f/ff/4000000055bc472b0620f64c008e6b7a5fff.m
Output Dir: /recovered
Work Dir: /recovered
Saving counter to file: /recovered/continue.tmp
---------------------------------------------------
--------------|| C O M P L E T E D ||--------------
---------------------------------------------------
Counter (Cnt): 500 | Ignored (Ign): 0 | Recovered (Msg): 500
Time: 0:00:00:10 | Average: 50.00 m/s | 3000.0 m/m | 180000 m/h | 4320000 m/d
##############################################
      Powered By https://eXtremeSHOK.com
##############################################
